# JRE version: OpenJDK Runtime Environment Temurin-21.0.8+9 (21.0.8+9) (build 21.0.8+9-LTS)
# Java VM: OpenJDK 64-Bit Server VM Temurin-21.0.8+9 (21.0.8+9-LTS, mixed mode, sharing, tiered, compressed oops, compressed class ptrs, parallel gc, windows-amd64)
GC Precious Log:
 CardTable entry size: 512
 CPUs: 12 total, 12 available
 Memory: 7930M
 Large Page Support: Disabled
 NUMA Support: Disabled
 Compressed Oops: Enabled (32-bit)
 Alignments: Space 512K, Generation 512K, Heap 2M
 Heap Min Capacity: 100M
 Heap Initial Capacity: 100M
 Heap Max Capacity: 2G
 Pre-touch: Disabled
 Parallel Workers: 10
Heap:
 PSYoungGen      total 12288K, used 9056K [0x00000000d5580000, 0x00000000d6680000, 0x0000000100000000)
  eden space 11776K, 75% used [0x00000000d5580000,0x00000000d5e20118,0x00000000d6100000)
  from space 512K, 43% used [0x00000000d6600000,0x00000000d6638000,0x00000000d6680000)
  to   space 512K, 0% used [0x00000000d6580000,0x00000000d6580000,0x00000000d6600000)
 ParOldGen       total 873984K, used 873981K [0x0000000080000000, 0x00000000b5580000, 0x00000000d5580000)
  object space 873984K, 99% used [0x0000000080000000,0x00000000b557f748,0x00000000b5580000)
 Metaspace       used 71682K, committed 73088K, reserved 1114112K
  class space    used 8104K, committed 8704K, reserved 1048576K
GC Heap History (20 events):
Event: 56.980 GC heap before
{Heap before GC invocations=2864 (full 5):
 PSYoungGen      total 9216K, used 9207K [0x00000000d5580000, 0x00000000d6f80000, 0x0000000100000000)
  eden space 5120K, 100% used [0x00000000d5580000,0x00000000d5a80000,0x00000000d5a80000)
  from space 4096K, 99% used [0x00000000d6280000,0x00000000d667dec0,0x00000000d6680000)
  to   space 8192K, 0% used [0x00000000d5a80000,0x00000000d5a80000,0x00000000d6280000)
 ParOldGen       total 842752K, used 842341K [0x0000000080000000, 0x00000000b3700000, 0x00000000d5580000)
  object space 842752K, 99% used [0x0000000080000000,0x00000000b3699628,0x00000000b3700000)
 Metaspace       used 71239K, committed 72704K, reserved 1114112K
  class space    used 8070K, committed 8704K, reserved 1048576K
}
Event: 56.985 GC heap after
{Heap after GC invocations=2864 (full 5):
 PSYoungGen      total 10240K, used 4960K [0x00000000d5580000, 0x00000000d6780000, 0x0000000100000000)
  eden space 5120K, 0% used [0x00000000d5580000,0x00000000d5580000,0x00000000d5a80000)
  from space 5120K, 96% used [0x00000000d5a80000,0x00000000d5f58000,0x00000000d5f80000)
  to   space 6144K, 0% used [0x00000000d6180000,0x00000000d6180000,0x00000000d6780000)
 ParOldGen       total 846848K, used 846470K [0x0000000080000000, 0x00000000b3b00000, 0x00000000d5580000)
  object space 846848K, 99% used [0x0000000080000000,0x00000000b3aa1b48,0x00000000b3b00000)
 Metaspace       used 71239K, committed 72704K, reserved 1114112K
  class space    used 8070K, committed 8704K, reserved 1048576K
}
Event: 57.000 GC heap before
{Heap before GC invocations=2865 (full 5):
 PSYoungGen      total 10240K, used 10080K [0x00000000d5580000, 0x00000000d6780000, 0x0000000100000000)
  eden space 5120K, 100% used [0x00000000d5580000,0x00000000d5a80000,0x00000000d5a80000)
  from space 5120K, 96% used [0x00000000d5a80000,0x00000000d5f58000,0x00000000d5f80000)
  to   space 6144K, 0% used [0x00000000d6180000,0x00000000d6180000,0x00000000d6780000)
 ParOldGen       total 846848K, used 846470K [0x0000000080000000, 0x00000000b3b00000, 0x00000000d5580000)
  object space 846848K, 99% used [0x0000000080000000,0x00000000b3aa1b48,0x00000000b3b00000)
 Metaspace       used 71244K, committed 72704K, reserved 1114112K
  class space    used 8071K, committed 8704K, reserved 1048576K
}
Event: 57.005 GC heap after
{Heap after GC invocations=2865 (full 5):
 PSYoungGen      total 11264K, used 4649K [0x00000000d5580000, 0x00000000d6680000, 0x0000000100000000)
  eden space 6144K, 0% used [0x00000000d5580000,0x00000000d5580000,0x00000000d5b80000)
  from space 5120K, 90% used [0x00000000d6180000,0x00000000d660a510,0x00000000d6680000)
  to   space 5120K, 0% used [0x00000000d5c80000,0x00000000d5c80000,0x00000000d6180000)
 ParOldGen       total 851456K, used 851335K [0x0000000080000000, 0x00000000b3f80000, 0x00000000d5580000)
  object space 851456K, 99% used [0x0000000080000000,0x00000000b3f61c98,0x00000000b3f80000)
 Metaspace       used 71244K, committed 72704K, reserved 1114112K
  class space    used 8071K, committed 8704K, reserved 1048576K
}
Event: 57.023 GC heap before
{Heap before GC invocations=2866 (full 5):
 PSYoungGen      total 11264K, used 10793K [0x00000000d5580000, 0x00000000d6680000, 0x0000000100000000)
  eden space 6144K, 100% used [0x00000000d5580000,0x00000000d5b80000,0x00000000d5b80000)
  from space 5120K, 90% used [0x00000000d6180000,0x00000000d660a510,0x00000000d6680000)
  to   space 5120K, 0% used [0x00000000d5c80000,0x00000000d5c80000,0x00000000d6180000)
 ParOldGen       total 851456K, used 851335K [0x0000000080000000, 0x00000000b3f80000, 0x00000000d5580000)
  object space 851456K, 99% used [0x0000000080000000,0x00000000b3f61c98,0x00000000b3f80000)
 Metaspace       used 71249K, committed 72704K, reserved 1114112K
  class space    used 8071K, committed 8704K, reserved 1048576K
}
Event: 57.029 GC heap after
{Heap after GC invocations=2866 (full 5):
 PSYoungGen      total 12288K, used 5111K [0x00000000d5580000, 0x00000000d7400000, 0x0000000100000000)
  eden space 7168K, 0% used [0x00000000d5580000,0x00000000d5580000,0x00000000d5c80000)
  from space 5120K, 99% used [0x00000000d5c80000,0x00000000d617dc20,0x00000000d6180000)
  to   space 11776K, 0% used [0x00000000d6880000,0x00000000d6880000,0x00000000d7400000)
 ParOldGen       total 857088K, used 856602K [0x0000000080000000, 0x00000000b4500000, 0x00000000d5580000)
  object space 857088K, 99% used [0x0000000080000000,0x00000000b44868e8,0x00000000b4500000)
 Metaspace       used 71249K, committed 72704K, reserved 1114112K
  class space    used 8071K, committed 8704K, reserved 1048576K
}
Event: 57.035 GC heap before
{Heap before GC invocations=2867 (full 5):
 PSYoungGen      total 12288K, used 12279K [0x00000000d5580000, 0x00000000d7400000, 0x0000000100000000)
  eden space 7168K, 100% used [0x00000000d5580000,0x00000000d5c80000,0x00000000d5c80000)
  from space 5120K, 99% used [0x00000000d5c80000,0x00000000d617dc20,0x00000000d6180000)
  to   space 11776K, 0% used [0x00000000d6880000,0x00000000d6880000,0x00000000d7400000)
 ParOldGen       total 857088K, used 856602K [0x0000000080000000, 0x00000000b4500000, 0x00000000d5580000)
  object space 857088K, 99% used [0x0000000080000000,0x00000000b44868e8,0x00000000b4500000)
 Metaspace       used 71282K, committed 72704K, reserved 1114112K
  class space    used 8073K, committed 8704K, reserved 1048576K
}
Event: 57.041 GC heap after
{Heap after GC invocations=2867 (full 5):
 PSYoungGen      total 15360K, used 6640K [0x00000000d5580000, 0x00000000d6f00000, 0x0000000100000000)
  eden space 8704K, 0% used [0x00000000d5580000,0x00000000d5580000,0x00000000d5e00000)
  from space 6656K, 99% used [0x00000000d6880000,0x00000000d6efc010,0x00000000d6f00000)
  to   space 8192K, 0% used [0x00000000d5f00000,0x00000000d5f00000,0x00000000d6700000)
 ParOldGen       total 862208K, used 861756K [0x0000000080000000, 0x00000000b4a00000, 0x00000000d5580000)
  object space 862208K, 99% used [0x0000000080000000,0x00000000b498f3c8,0x00000000b4a00000)
 Metaspace       used 71282K, committed 72704K, reserved 1114112K
  class space    used 8073K, committed 8704K, reserved 1048576K
}
Event: 57.078 GC heap before
{Heap before GC invocations=2868 (full 5):
 PSYoungGen      total 15360K, used 15344K [0x00000000d5580000, 0x00000000d6f00000, 0x0000000100000000)
  eden space 8704K, 100% used [0x00000000d5580000,0x00000000d5e00000,0x00000000d5e00000)
  from space 6656K, 99% used [0x00000000d6880000,0x00000000d6efc010,0x00000000d6f00000)
  to   space 8192K, 0% used [0x00000000d5f00000,0x00000000d5f00000,0x00000000d6700000)
 ParOldGen       total 862208K, used 861756K [0x0000000080000000, 0x00000000b4a00000, 0x00000000d5580000)
  object space 862208K, 99% used [0x0000000080000000,0x00000000b498f3c8,0x00000000b4a00000)
 Metaspace       used 71298K, committed 72704K, reserved 1114112K
  class space    used 8073K, committed 8704K, reserved 1048576K
}
Event: 57.085 GC heap after
{Heap after GC invocations=2868 (full 5):
 PSYoungGen      total 15360K, used 5536K [0x00000000d5580000, 0x00000000d6d00000, 0x0000000100000000)
  eden space 9728K, 0% used [0x00000000d5580000,0x00000000d5580000,0x00000000d5f00000)
  from space 5632K, 98% used [0x00000000d5f00000,0x00000000d6468020,0x00000000d6480000)
  to   space 6656K, 0% used [0x00000000d6680000,0x00000000d6680000,0x00000000d6d00000)
 ParOldGen       total 868352K, used 868269K [0x0000000080000000, 0x00000000b5000000, 0x00000000d5580000)
  object space 868352K, 99% used [0x0000000080000000,0x00000000b4feb728,0x00000000b5000000)
 Metaspace       used 71298K, committed 72704K, reserved 1114112K
  class space    used 8073K, committed 8704K, reserved 1048576K
}
Event: 622.571 GC heap before
{Heap before GC invocations=2869 (full 5):
 PSYoungGen      total 15360K, used 15264K [0x00000000d5580000, 0x00000000d6d00000, 0x0000000100000000)
  eden space 9728K, 100% used [0x00000000d5580000,0x00000000d5f00000,0x00000000d5f00000)
  from space 5632K, 98% used [0x00000000d5f00000,0x00000000d6468020,0x00000000d6480000)
  to   space 6656K, 0% used [0x00000000d6680000,0x00000000d6680000,0x00000000d6d00000)
 ParOldGen       total 868352K, used 868269K [0x0000000080000000, 0x00000000b5000000, 0x00000000d5580000)
  object space 868352K, 99% used [0x0000000080000000,0x00000000b4feb728,0x00000000b5000000)
 Metaspace       used 71550K, committed 72960K, reserved 1114112K
  class space    used 8102K, committed 8704K, reserved 1048576K
}
Event: 623.029 GC heap after
{Heap after GC invocations=2869 (full 5):
 PSYoungGen      total 12288K, used 224K [0x00000000d5580000, 0x00000000d6700000, 0x0000000100000000)
  eden space 11776K, 0% used [0x00000000d5580000,0x00000000d5580000,0x00000000d6100000)
  from space 512K, 43% used [0x00000000d6680000,0x00000000d66b8000,0x00000000d6700000)
  to   space 2560K, 0% used [0x00000000d6200000,0x00000000d6200000,0x00000000d6480000)
 ParOldGen       total 873984K, used 873733K [0x0000000080000000, 0x00000000b5580000, 0x00000000d5580000)
  object space 873984K, 99% used [0x0000000080000000,0x00000000b5541748,0x00000000b5580000)
 Metaspace       used 71550K, committed 72960K, reserved 1114112K
  class space    used 8102K, committed 8704K, reserved 1048576K
}
Event: 3946.340 GC heap before
{Heap before GC invocations=2870 (full 5):
 PSYoungGen      total 12288K, used 11999K [0x00000000d5580000, 0x00000000d6700000, 0x0000000100000000)
  eden space 11776K, 99% used [0x00000000d5580000,0x00000000d60ffff0,0x00000000d6100000)
  from space 512K, 43% used [0x00000000d6680000,0x00000000d66b8000,0x00000000d6700000)
  to   space 2560K, 0% used [0x00000000d6200000,0x00000000d6200000,0x00000000d6480000)
 ParOldGen       total 873984K, used 873733K [0x0000000080000000, 0x00000000b5580000, 0x00000000d5580000)
  object space 873984K, 99% used [0x0000000080000000,0x00000000b5541748,0x00000000b5580000)
 Metaspace       used 71625K, committed 73088K, reserved 1114112K
  class space    used 8102K, committed 8704K, reserved 1048576K
}
Event: 3946.649 GC heap after
{Heap after GC invocations=2870 (full 5):
 PSYoungGen      total 14336K, used 288K [0x00000000d5580000, 0x00000000d6700000, 0x0000000100000000)
  eden space 11776K, 0% used [0x00000000d5580000,0x00000000d5580000,0x00000000d6100000)
  from space 2560K, 11% used [0x00000000d6200000,0x00000000d6248000,0x00000000d6480000)
  to   space 1024K, 0% used [0x00000000d6600000,0x00000000d6600000,0x00000000d6700000)
 ParOldGen       total 873984K, used 873845K [0x0000000080000000, 0x00000000b5580000, 0x00000000d5580000)
  object space 873984K, 99% used [0x0000000080000000,0x00000000b555d748,0x00000000b5580000)
 Metaspace       used 71625K, committed 73088K, reserved 1114112K
  class space    used 8102K, committed 8704K, reserved 1048576K
}
Event: 3952.302 GC heap before
{Heap before GC invocations=2871 (full 5):
 PSYoungGen      total 14336K, used 12064K [0x00000000d5580000, 0x00000000d6700000, 0x0000000100000000)
  eden space 11776K, 100% used [0x00000000d5580000,0x00000000d6100000,0x00000000d6100000)
  from space 2560K, 11% used [0x00000000d6200000,0x00000000d6248000,0x00000000d6480000)
  to   space 1024K, 0% used [0x00000000d6600000,0x00000000d6600000,0x00000000d6700000)
 ParOldGen       total 873984K, used 873845K [0x0000000080000000, 0x00000000b5580000, 0x00000000d5580000)
  object space 873984K, 99% used [0x0000000080000000,0x00000000b555d748,0x00000000b5580000)
 Metaspace       used 71636K, committed 73088K, reserved 1114112K
  class space    used 8102K, committed 8704K, reserved 1048576K
}
Event: 3952.311 GC heap after
{Heap after GC invocations=2871 (full 5):
 PSYoungGen      total 12288K, used 320K [0x00000000d5580000, 0x00000000d6680000, 0x0000000100000000)
  eden space 11776K, 0% used [0x00000000d5580000,0x00000000d5580000,0x00000000d6100000)
  from space 512K, 62% used [0x00000000d6600000,0x00000000d6650000,0x00000000d6680000)
  to   space 512K, 0% used [0x00000000d6580000,0x00000000d6580000,0x00000000d6600000)
 ParOldGen       total 873984K, used 873885K [0x0000000080000000, 0x00000000b5580000, 0x00000000d5580000)
  object space 873984K, 99% used [0x0000000080000000,0x00000000b5567748,0x00000000b5580000)
 Metaspace       used 71636K, committed 73088K, reserved 1114112K
  class space    used 8102K, committed 8704K, reserved 1048576K
}
Event: 3952.579 GC heap before
{Heap before GC invocations=2872 (full 5):
 PSYoungGen      total 12288K, used 12096K [0x00000000d5580000, 0x00000000d6680000, 0x0000000100000000)
  eden space 11776K, 100% used [0x00000000d5580000,0x00000000d6100000,0x00000000d6100000)
  from space 512K, 62% used [0x00000000d6600000,0x00000000d6650000,0x00000000d6680000)
  to   space 512K, 0% used [0x00000000d6580000,0x00000000d6580000,0x00000000d6600000)
 ParOldGen       total 873984K, used 873885K [0x0000000080000000, 0x00000000b5580000, 0x00000000d5580000)
  object space 873984K, 99% used [0x0000000080000000,0x00000000b5567748,0x00000000b5580000)
 Metaspace       used 71636K, committed 73088K, reserved 1114112K
  class space    used 8102K, committed 8704K, reserved 1048576K
}
Event: 3952.584 GC heap after
{Heap after GC invocations=2872 (full 5):
 PSYoungGen      total 12288K, used 320K [0x00000000d5580000, 0x00000000d6680000, 0x0000000100000000)
  eden space 11776K, 0% used [0x00000000d5580000,0x00000000d5580000,0x00000000d6100000)
  from space 512K, 62% used [0x00000000d6580000,0x00000000d65d0000,0x00000000d6600000)
  to   space 512K, 0% used [0x00000000d6600000,0x00000000d6600000,0x00000000d6680000)
 ParOldGen       total 873984K, used 873949K [0x0000000080000000, 0x00000000b5580000, 0x00000000d5580000)
  object space 873984K, 99% used [0x0000000080000000,0x00000000b5577748,0x00000000b5580000)
 Metaspace       used 71636K, committed 73088K, reserved 1114112K
  class space    used 8102K, committed 8704K, reserved 1048576K
}
Event: 6607.626 GC heap before
{Heap before GC invocations=2873 (full 5):
 PSYoungGen      total 12288K, used 12096K [0x00000000d5580000, 0x00000000d6680000, 0x0000000100000000)
  eden space 11776K, 100% used [0x00000000d5580000,0x00000000d6100000,0x00000000d6100000)
  from space 512K, 62% used [0x00000000d6580000,0x00000000d65d0000,0x00000000d6600000)
  to   space 512K, 0% used [0x00000000d6600000,0x00000000d6600000,0x00000000d6680000)
 ParOldGen       total 873984K, used 873949K [0x0000000080000000, 0x00000000b5580000, 0x00000000d5580000)
  object space 873984K, 99% used [0x0000000080000000,0x00000000b5577748,0x00000000b5580000)
 Metaspace       used 71643K, committed 73088K, reserved 1114112K
  class space    used 8102K, committed 8704K, reserved 1048576K
}
Event: 6607.885 GC heap after
{Heap after GC invocations=2873 (full 5):
 PSYoungGen      total 12288K, used 224K [0x00000000d5580000, 0x00000000d6680000, 0x0000000100000000)
  eden space 11776K, 0% used [0x00000000d5580000,0x00000000d5580000,0x00000000d6100000)
  from space 512K, 43% used [0x00000000d6600000,0x00000000d6638000,0x00000000d6680000)
  to   space 512K, 0% used [0x00000000d6580000,0x00000000d6580000,0x00000000d6600000)
 ParOldGen       total 873984K, used 873981K [0x0000000080000000, 0x00000000b5580000, 0x00000000d5580000)
  object space 873984K, 99% used [0x0000000080000000,0x00000000b557f748,0x00000000b5580000)
 Metaspace       used 71643K, committed 73088K, reserved 1114112K
  class space    used 8102K, committed 8704K, reserved 1048576K
}

