GC Precious Log:
 CardTable entry size: 512
 CPUs: 12 total, 12 available
 Memory: 7930M
 Large Page Support: Disabled
 NUMA Support: Disabled
 Compressed Oops: Enabled (32-bit)
 Alignments: Space 512K, Generation 512K, Heap 2M
 Heap Min Capacity: 100M
 Heap Initial Capacity: 100M
 Heap Max Capacity: 2G
 Pre-touch: Disabled
 Parallel Workers: 10
Heap:
 PSYoungGen      total 7680K, used 7616K [0x00000000d5580000, 0x00000000d6080000, 0x0000000100000000)
  eden space 5632K, 100% used [0x00000000d5580000,0x00000000d5b00000,0x00000000d5b00000)
  from space 2048K, 96% used [0x00000000d5b00000,0x00000000d5cf0000,0x00000000d5d00000)
  to   space 2048K, 99% used [0x00000000d5e80000,0x00000000d607f7b0,0x00000000d6080000)
 ParOldGen       total 1251840K, used 1251838K [0x0000000080000000, 0x00000000cc680000, 0x00000000d5580000)
  object space 1251840K, 99% used [0x0000000080000000,0x00000000cc67f828,0x00000000cc680000)
 Metaspace       used 67070K, committed 68480K, reserved 1114112K
  class space    used 7516K, committed 8128K, reserved 1048576K
GC Heap History (20 events):
Event: 78.419 GC heap after
{Heap after GC invocations=2662 (full 4):
 PSYoungGen      total 3584K, used 960K [0x00000000d5580000, 0x00000000d5c00000, 0x0000000100000000)
  eden space 2560K, 0% used [0x00000000d5580000,0x00000000d5580000,0x00000000d5800000)
  from space 1024K, 93% used [0x00000000d5b00000,0x00000000d5bf0000,0x00000000d5c00000)
  to   space 1024K, 0% used [0x00000000d5980000,0x00000000d5980000,0x00000000d5a80000)
 ParOldGen       total 1239040K, used 1238560K [0x0000000080000000, 0x00000000cba00000, 0x00000000d5580000)
  object space 1239040K, 99% used [0x0000000080000000,0x00000000cb988188,0x00000000cba00000)
 Metaspace       used 67070K, committed 68480K, reserved 1114112K
  class space    used 7516K, committed 8128K, reserved 1048576K
}
Event: 78.424 GC heap before
{Heap before GC invocations=2663 (full 4):
 PSYoungGen      total 3584K, used 3520K [0x00000000d5580000, 0x00000000d5c00000, 0x0000000100000000)
  eden space 2560K, 100% used [0x00000000d5580000,0x00000000d5800000,0x00000000d5800000)
  from space 1024K, 93% used [0x00000000d5b00000,0x00000000d5bf0000,0x00000000d5c00000)
  to   space 1024K, 0% used [0x00000000d5980000,0x00000000d5980000,0x00000000d5a80000)
 ParOldGen       total 1239040K, used 1238560K [0x0000000080000000, 0x00000000cba00000, 0x00000000d5580000)
  object space 1239040K, 99% used [0x0000000080000000,0x00000000cb988188,0x00000000cba00000)
 Metaspace       used 67070K, committed 68480K, reserved 1114112K
  class space    used 7516K, committed 8128K, reserved 1048576K
}
Event: 78.427 GC heap after
{Heap after GC invocations=2663 (full 4):
 PSYoungGen      total 3584K, used 994K [0x00000000d5580000, 0x00000000d5e00000, 0x0000000100000000)
  eden space 2560K, 0% used [0x00000000d5580000,0x00000000d5580000,0x00000000d5800000)
  from space 1024K, 97% used [0x00000000d5980000,0x00000000d5a78a08,0x00000000d5a80000)
  to   space 3072K, 0% used [0x00000000d5b00000,0x00000000d5b00000,0x00000000d5e00000)
 ParOldGen       total 1240576K, used 1240162K [0x0000000080000000, 0x00000000cbb80000, 0x00000000d5580000)
  object space 1240576K, 99% used [0x0000000080000000,0x00000000cbb18aa8,0x00000000cbb80000)
 Metaspace       used 67070K, committed 68480K, reserved 1114112K
  class space    used 7516K, committed 8128K, reserved 1048576K
}
Event: 78.490 GC heap before
{Heap before GC invocations=2664 (full 4):
 PSYoungGen      total 3584K, used 3554K [0x00000000d5580000, 0x00000000d5e00000, 0x0000000100000000)
  eden space 2560K, 100% used [0x00000000d5580000,0x00000000d5800000,0x00000000d5800000)
  from space 1024K, 97% used [0x00000000d5980000,0x00000000d5a78a08,0x00000000d5a80000)
  to   space 3072K, 0% used [0x00000000d5b00000,0x00000000d5b00000,0x00000000d5e00000)
 ParOldGen       total 1240576K, used 1240162K [0x0000000080000000, 0x00000000cbb80000, 0x00000000d5580000)
  object space 1240576K, 99% used [0x0000000080000000,0x00000000cbb18aa8,0x00000000cbb80000)
 Metaspace       used 67070K, committed 68480K, reserved 1114112K
  class space    used 7516K, committed 8128K, reserved 1048576K
}
Event: 78.493 GC heap after
{Heap after GC invocations=2664 (full 4):
 PSYoungGen      total 5120K, used 2340K [0x00000000d5580000, 0x00000000d5d80000, 0x0000000100000000)
  eden space 2560K, 0% used [0x00000000d5580000,0x00000000d5580000,0x00000000d5800000)
  from space 2560K, 91% used [0x00000000d5b00000,0x00000000d5d49010,0x00000000d5d80000)
  to   space 2560K, 0% used [0x00000000d5880000,0x00000000d5880000,0x00000000d5b00000)
 ParOldGen       total 1241600K, used 1241202K [0x0000000080000000, 0x00000000cbc80000, 0x00000000d5580000)
  object space 1241600K, 99% used [0x0000000080000000,0x00000000cbc1c970,0x00000000cbc80000)
 Metaspace       used 67070K, committed 68480K, reserved 1114112K
  class space    used 7516K, committed 8128K, reserved 1048576K
}
Event: 78.514 GC heap before
{Heap before GC invocations=2665 (full 4):
 PSYoungGen      total 5120K, used 4900K [0x00000000d5580000, 0x00000000d5d80000, 0x0000000100000000)
  eden space 2560K, 100% used [0x00000000d5580000,0x00000000d5800000,0x00000000d5800000)
  from space 2560K, 91% used [0x00000000d5b00000,0x00000000d5d49010,0x00000000d5d80000)
  to   space 2560K, 0% used [0x00000000d5880000,0x00000000d5880000,0x00000000d5b00000)
 ParOldGen       total 1241600K, used 1241202K [0x0000000080000000, 0x00000000cbc80000, 0x00000000d5580000)
  object space 1241600K, 99% used [0x0000000080000000,0x00000000cbc1c970,0x00000000cbc80000)
 Metaspace       used 67070K, committed 68480K, reserved 1114112K
  class space    used 7516K, committed 8128K, reserved 1048576K
}
Event: 79.518 GC heap after
{Heap after GC invocations=2665 (full 4):
 PSYoungGen      total 4096K, used 928K [0x00000000d5580000, 0x00000000d5b80000, 0x0000000100000000)
  eden space 3072K, 0% used [0x00000000d5580000,0x00000000d5580000,0x00000000d5880000)
  from space 1024K, 90% used [0x00000000d5880000,0x00000000d5968000,0x00000000d5980000)
  to   space 1536K, 0% used [0x00000000d5a00000,0x00000000d5a00000,0x00000000d5b80000)
 ParOldGen       total 1243648K, used 1243318K [0x0000000080000000, 0x00000000cbe80000, 0x00000000d5580000)
  object space 1243648K, 99% used [0x0000000080000000,0x00000000cbe2d868,0x00000000cbe80000)
 Metaspace       used 67070K, committed 68480K, reserved 1114112K
  class space    used 7516K, committed 8128K, reserved 1048576K
}
Event: 79.562 GC heap before
{Heap before GC invocations=2666 (full 4):
 PSYoungGen      total 4096K, used 4000K [0x00000000d5580000, 0x00000000d5b80000, 0x0000000100000000)
  eden space 3072K, 100% used [0x00000000d5580000,0x00000000d5880000,0x00000000d5880000)
  from space 1024K, 90% used [0x00000000d5880000,0x00000000d5968000,0x00000000d5980000)
  to   space 1536K, 0% used [0x00000000d5a00000,0x00000000d5a00000,0x00000000d5b80000)
 ParOldGen       total 1243648K, used 1243318K [0x0000000080000000, 0x00000000cbe80000, 0x00000000d5580000)
  object space 1243648K, 99% used [0x0000000080000000,0x00000000cbe2d868,0x00000000cbe80000)
 Metaspace       used 67070K, committed 68480K, reserved 1114112K
  class space    used 7516K, committed 8128K, reserved 1048576K
}
Event: 79.565 GC heap after
{Heap after GC invocations=2666 (full 4):
 PSYoungGen      total 5120K, used 928K [0x00000000d5580000, 0x00000000d5b80000, 0x0000000100000000)
  eden space 3584K, 0% used [0x00000000d5580000,0x00000000d5580000,0x00000000d5900000)
  from space 1536K, 60% used [0x00000000d5a00000,0x00000000d5ae8000,0x00000000d5b80000)
  to   space 1024K, 0% used [0x00000000d5900000,0x00000000d5900000,0x00000000d5a00000)
 ParOldGen       total 1244160K, used 1244123K [0x0000000080000000, 0x00000000cbf00000, 0x00000000d5580000)
  object space 1244160K, 99% used [0x0000000080000000,0x00000000cbef6cf0,0x00000000cbf00000)
 Metaspace       used 67070K, committed 68480K, reserved 1114112K
  class space    used 7516K, committed 8128K, reserved 1048576K
}
Event: 79.592 GC heap before
{Heap before GC invocations=2667 (full 4):
 PSYoungGen      total 5120K, used 4505K [0x00000000d5580000, 0x00000000d5b80000, 0x0000000100000000)
  eden space 3584K, 99% used [0x00000000d5580000,0x00000000d58fe790,0x00000000d5900000)
  from space 1536K, 60% used [0x00000000d5a00000,0x00000000d5ae8000,0x00000000d5b80000)
  to   space 1024K, 0% used [0x00000000d5900000,0x00000000d5900000,0x00000000d5a00000)
 ParOldGen       total 1244160K, used 1244123K [0x0000000080000000, 0x00000000cbf00000, 0x00000000d5580000)
  object space 1244160K, 99% used [0x0000000080000000,0x00000000cbef6cf0,0x00000000cbf00000)
 Metaspace       used 67070K, committed 68480K, reserved 1114112K
  class space    used 7516K, committed 8128K, reserved 1048576K
}
Event: 79.594 GC heap after
{Heap after GC invocations=2667 (full 4):
 PSYoungGen      total 4608K, used 1024K [0x00000000d5580000, 0x00000000d5f00000, 0x0000000100000000)
  eden space 3584K, 0% used [0x00000000d5580000,0x00000000d5580000,0x00000000d5900000)
  from space 1024K, 100% used [0x00000000d5900000,0x00000000d5a00000,0x00000000d5a00000)
  to   space 2560K, 0% used [0x00000000d5c80000,0x00000000d5c80000,0x00000000d5f00000)
 ParOldGen       total 1245184K, used 1244989K [0x0000000080000000, 0x00000000cc000000, 0x00000000d5580000)
  object space 1245184K, 99% used [0x0000000080000000,0x00000000cbfcf510,0x00000000cc000000)
 Metaspace       used 67070K, committed 68480K, reserved 1114112K
  class space    used 7516K, committed 8128K, reserved 1048576K
}
Event: 79.607 GC heap before
{Heap before GC invocations=2668 (full 4):
 PSYoungGen      total 4608K, used 4608K [0x00000000d5580000, 0x00000000d5f00000, 0x0000000100000000)
  eden space 3584K, 100% used [0x00000000d5580000,0x00000000d5900000,0x00000000d5900000)
  from space 1024K, 100% used [0x00000000d5900000,0x00000000d5a00000,0x00000000d5a00000)
  to   space 2560K, 0% used [0x00000000d5c80000,0x00000000d5c80000,0x00000000d5f00000)
 ParOldGen       total 1245184K, used 1244989K [0x0000000080000000, 0x00000000cc000000, 0x00000000d5580000)
  object space 1245184K, 99% used [0x0000000080000000,0x00000000cbfcf510,0x00000000cc000000)
 Metaspace       used 67070K, committed 68480K, reserved 1114112K
  class space    used 7516K, committed 8128K, reserved 1048576K
}
Event: 79.609 GC heap after
{Heap after GC invocations=2668 (full 4):
 PSYoungGen      total 7168K, used 2233K [0x00000000d5580000, 0x00000000d5f00000, 0x0000000100000000)
  eden space 4608K, 0% used [0x00000000d5580000,0x00000000d5580000,0x00000000d5a00000)
  from space 2560K, 87% used [0x00000000d5c80000,0x00000000d5eae628,0x00000000d5f00000)
  to   space 2560K, 0% used [0x00000000d5a00000,0x00000000d5a00000,0x00000000d5c80000)
 ParOldGen       total 1246208K, used 1245701K [0x0000000080000000, 0x00000000cc100000, 0x00000000d5580000)
  object space 1246208K, 99% used [0x0000000080000000,0x00000000cc0817b0,0x00000000cc100000)
 Metaspace       used 67070K, committed 68480K, reserved 1114112K
  class space    used 7516K, committed 8128K, reserved 1048576K
}
Event: 79.610 GC heap before
{Heap before GC invocations=2669 (full 4):
 PSYoungGen      total 7168K, used 6841K [0x00000000d5580000, 0x00000000d5f00000, 0x0000000100000000)
  eden space 4608K, 100% used [0x00000000d5580000,0x00000000d5a00000,0x00000000d5a00000)
  from space 2560K, 87% used [0x00000000d5c80000,0x00000000d5eae628,0x00000000d5f00000)
  to   space 2560K, 0% used [0x00000000d5a00000,0x00000000d5a00000,0x00000000d5c80000)
 ParOldGen       total 1246208K, used 1245701K [0x0000000080000000, 0x00000000cc100000, 0x00000000d5580000)
  object space 1246208K, 99% used [0x0000000080000000,0x00000000cc0817b0,0x00000000cc100000)
 Metaspace       used 67070K, committed 68480K, reserved 1114112K
  class space    used 7516K, committed 8128K, reserved 1048576K
}
Event: 80.618 GC heap after
{Heap after GC invocations=2669 (full 4):
 PSYoungGen      total 7168K, used 1632K [0x00000000d5580000, 0x00000000d5f00000, 0x0000000100000000)
  eden space 4608K, 0% used [0x00000000d5580000,0x00000000d5580000,0x00000000d5a00000)
  from space 2560K, 63% used [0x00000000d5a00000,0x00000000d5b98000,0x00000000d5c80000)
  to   space 2048K, 0% used [0x00000000d5d00000,0x00000000d5d00000,0x00000000d5f00000)
 ParOldGen       total 1248256K, used 1247854K [0x0000000080000000, 0x00000000cc300000, 0x00000000d5580000)
  object space 1248256K, 99% used [0x0000000080000000,0x00000000cc29b828,0x00000000cc300000)
 Metaspace       used 67070K, committed 68480K, reserved 1114112K
  class space    used 7516K, committed 8128K, reserved 1048576K
}
Event: 80.619 GC heap before
{Heap before GC invocations=2670 (full 4):
 PSYoungGen      total 7168K, used 6240K [0x00000000d5580000, 0x00000000d5f00000, 0x0000000100000000)
  eden space 4608K, 100% used [0x00000000d5580000,0x00000000d5a00000,0x00000000d5a00000)
  from space 2560K, 63% used [0x00000000d5a00000,0x00000000d5b98000,0x00000000d5c80000)
  to   space 2048K, 0% used [0x00000000d5d00000,0x00000000d5d00000,0x00000000d5f00000)
 ParOldGen       total 1248256K, used 1247854K [0x0000000080000000, 0x00000000cc300000, 0x00000000d5580000)
  object space 1248256K, 99% used [0x0000000080000000,0x00000000cc29b828,0x00000000cc300000)
 Metaspace       used 67070K, committed 68480K, reserved 1114112K
  class space    used 7516K, committed 8128K, reserved 1048576K
}
Event: 80.622 GC heap after
{Heap after GC invocations=2670 (full 4):
 PSYoungGen      total 7680K, used 1792K [0x00000000d5580000, 0x00000000d5f00000, 0x0000000100000000)
  eden space 5632K, 0% used [0x00000000d5580000,0x00000000d5580000,0x00000000d5b00000)
  from space 2048K, 87% used [0x00000000d5d00000,0x00000000d5ec0000,0x00000000d5f00000)
  to   space 2048K, 0% used [0x00000000d5b00000,0x00000000d5b00000,0x00000000d5d00000)
 ParOldGen       total 1249792K, used 1249438K [0x0000000080000000, 0x00000000cc480000, 0x00000000d5580000)
  object space 1249792K, 99% used [0x0000000080000000,0x00000000cc427828,0x00000000cc480000)
 Metaspace       used 67070K, committed 68480K, reserved 1114112K
  class space    used 7516K, committed 8128K, reserved 1048576K
}
Event: 80.623 GC heap before
{Heap before GC invocations=2671 (full 4):
 PSYoungGen      total 7680K, used 7424K [0x00000000d5580000, 0x00000000d5f00000, 0x0000000100000000)
  eden space 5632K, 100% used [0x00000000d5580000,0x00000000d5b00000,0x00000000d5b00000)
  from space 2048K, 87% used [0x00000000d5d00000,0x00000000d5ec0000,0x00000000d5f00000)
  to   space 2048K, 0% used [0x00000000d5b00000,0x00000000d5b00000,0x00000000d5d00000)
 ParOldGen       total 1249792K, used 1249438K [0x0000000080000000, 0x00000000cc480000, 0x00000000d5580000)
  object space 1249792K, 99% used [0x0000000080000000,0x00000000cc427828,0x00000000cc480000)
 Metaspace       used 67070K, committed 68480K, reserved 1114112K
  class space    used 7516K, committed 8128K, reserved 1048576K
}
Event: 82.640 GC heap after
{Heap after GC invocations=2671 (full 4):
 PSYoungGen      total 7680K, used 1984K [0x00000000d5580000, 0x00000000d6080000, 0x0000000100000000)
  eden space 5632K, 0% used [0x00000000d5580000,0x00000000d5580000,0x00000000d5b00000)
  from space 2048K, 96% used [0x00000000d5b00000,0x00000000d5cf0000,0x00000000d5d00000)
  to   space 2048K, 0% used [0x00000000d5e80000,0x00000000d5e80000,0x00000000d6080000)
 ParOldGen       total 1251328K, used 1251094K [0x0000000080000000, 0x00000000cc600000, 0x00000000d5580000)
  object space 1251328K, 99% used [0x0000000080000000,0x00000000cc5c5828,0x00000000cc600000)
 Metaspace       used 67070K, committed 68480K, reserved 1114112K
  class space    used 7516K, committed 8128K, reserved 1048576K
}
Event: 82.649 GC heap before
{Heap before GC invocations=2672 (full 4):
 PSYoungGen      total 7680K, used 7616K [0x00000000d5580000, 0x00000000d6080000, 0x0000000100000000)
  eden space 5632K, 100% used [0x00000000d5580000,0x00000000d5b00000,0x00000000d5b00000)
  from space 2048K, 96% used [0x00000000d5b00000,0x00000000d5cf0000,0x00000000d5d00000)
  to   space 2048K, 0% used [0x00000000d5e80000,0x00000000d5e80000,0x00000000d6080000)
 ParOldGen       total 1251328K, used 1251094K [0x0000000080000000, 0x00000000cc600000, 0x00000000d5580000)
  object space 1251328K, 99% used [0x0000000080000000,0x00000000cc5c5828,0x00000000cc600000)
 Metaspace       used 67070K, committed 68480K, reserved 1114112K
  class space    used 7516K, committed 8128K, reserved 1048576K
}

