# JRE version: OpenJDK Runtime Environment Temurin-21.0.8+9 (21.0.8+9) (build 21.0.8+9-LTS)
# Java VM: OpenJDK 64-Bit Server VM Temurin-21.0.8+9 (21.0.8+9-LTS, mixed mode, sharing, tiered, compressed oops, compressed class ptrs, parallel gc, windows-amd64)
GC Precious Log:
 CardTable entry size: 512
 CPUs: 12 total, 12 available
 Memory: 7930M
 Large Page Support: Disabled
 NUMA Support: Disabled
 Compressed Oops: Enabled (32-bit)
 Alignments: Space 512K, Generation 512K, Heap 2M
 Heap Min Capacity: 100M
 Heap Initial Capacity: 100M
 Heap Max Capacity: 2G
 Pre-touch: Disabled
 Parallel Workers: 10
Heap:
 PSYoungGen      total 4096K, used 3712K [0x00000000d5580000, 0x00000000d5f00000, 0x0000000100000000)
  eden space 2560K, 100% used [0x00000000d5580000,0x00000000d5800000,0x00000000d5800000)
  from space 1536K, 75% used [0x00000000d5d00000,0x00000000d5e20000,0x00000000d5e80000)
  to   space 512K, 0% used [0x00000000d5e80000,0x00000000d5e80000,0x00000000d5f00000)
 ParOldGen       total 903168K, used 903167K [0x0000000080000000, 0x00000000b7200000, 0x00000000d5580000)
  object space 903168K, 99% used [0x0000000080000000,0x00000000b71ffff8,0x00000000b7200000)
 Metaspace       used 52699K, committed 54016K, reserved 1114112K
  class space    used 5697K, committed 6272K, reserved 1048576K
GC Heap History (20 events):
Event: 25.296 GC heap before
{Heap before GC invocations=614 (full 2):
 PSYoungGen      total 12800K, used 12363K [0x00000000d5580000, 0x00000000d6c00000, 0x0000000100000000)
  eden space 6144K, 100% used [0x00000000d5580000,0x00000000d5b80000,0x00000000d5b80000)
  from space 6656K, 93% used [0x00000000d5b80000,0x00000000d6192eb8,0x00000000d6200000)
  to   space 7680K, 0% used [0x00000000d6480000,0x00000000d6480000,0x00000000d6c00000)
 ParOldGen       total 855552K, used 855468K [0x0000000080000000, 0x00000000b4380000, 0x00000000d5580000)
  object space 855552K, 99% used [0x0000000080000000,0x00000000b436b380,0x00000000b4380000)
 Metaspace       used 52457K, committed 53760K, reserved 1114112K
  class space    used 5683K, committed 6272K, reserved 1048576K
}
Event: 25.302 GC heap after
{Heap after GC invocations=614 (full 2):
 PSYoungGen      total 14336K, used 6250K [0x00000000d5580000, 0x00000000d6b00000, 0x0000000100000000)
  eden space 7680K, 0% used [0x00000000d5580000,0x00000000d5580000,0x00000000d5d00000)
  from space 6656K, 93% used [0x00000000d6480000,0x00000000d6a9a808,0x00000000d6b00000)
  to   space 6656K, 0% used [0x00000000d5e00000,0x00000000d5e00000,0x00000000d6480000)
 ParOldGen       total 861696K, used 861536K [0x0000000080000000, 0x00000000b4980000, 0x00000000d5580000)
  object space 861696K, 99% used [0x0000000080000000,0x00000000b49581b0,0x00000000b4980000)
 Metaspace       used 52457K, committed 53760K, reserved 1114112K
  class space    used 5683K, committed 6272K, reserved 1048576K
}
Event: 25.383 GC heap before
{Heap before GC invocations=615 (full 2):
 PSYoungGen      total 14336K, used 13930K [0x00000000d5580000, 0x00000000d6b00000, 0x0000000100000000)
  eden space 7680K, 100% used [0x00000000d5580000,0x00000000d5d00000,0x00000000d5d00000)
  from space 6656K, 93% used [0x00000000d6480000,0x00000000d6a9a808,0x00000000d6b00000)
  to   space 6656K, 0% used [0x00000000d5e00000,0x00000000d5e00000,0x00000000d6480000)
 ParOldGen       total 861696K, used 861536K [0x0000000080000000, 0x00000000b4980000, 0x00000000d5580000)
  object space 861696K, 99% used [0x0000000080000000,0x00000000b49581b0,0x00000000b4980000)
 Metaspace       used 52457K, committed 53760K, reserved 1114112K
  class space    used 5683K, committed 6272K, reserved 1048576K
}
Event: 25.390 GC heap after
{Heap after GC invocations=615 (full 2):
 PSYoungGen      total 15360K, used 6483K [0x00000000d5580000, 0x00000000d6b80000, 0x0000000100000000)
  eden space 8704K, 0% used [0x00000000d5580000,0x00000000d5580000,0x00000000d5e00000)
  from space 6656K, 97% used [0x00000000d5e00000,0x00000000d6454d40,0x00000000d6480000)
  to   space 6656K, 0% used [0x00000000d6500000,0x00000000d6500000,0x00000000d6b80000)
 ParOldGen       total 869376K, used 868972K [0x0000000080000000, 0x00000000b5100000, 0x00000000d5580000)
  object space 869376K, 99% used [0x0000000080000000,0x00000000b509b3d8,0x00000000b5100000)
 Metaspace       used 52457K, committed 53760K, reserved 1114112K
  class space    used 5683K, committed 6272K, reserved 1048576K
}
Event: 25.478 GC heap before
{Heap before GC invocations=616 (full 2):
 PSYoungGen      total 15360K, used 15187K [0x00000000d5580000, 0x00000000d6b80000, 0x0000000100000000)
  eden space 8704K, 100% used [0x00000000d5580000,0x00000000d5e00000,0x00000000d5e00000)
  from space 6656K, 97% used [0x00000000d5e00000,0x00000000d6454d40,0x00000000d6480000)
  to   space 6656K, 0% used [0x00000000d6500000,0x00000000d6500000,0x00000000d6b80000)
 ParOldGen       total 869376K, used 868972K [0x0000000080000000, 0x00000000b5100000, 0x00000000d5580000)
  object space 869376K, 99% used [0x0000000080000000,0x00000000b509b3d8,0x00000000b5100000)
 Metaspace       used 52476K, committed 53760K, reserved 1114112K
  class space    used 5688K, committed 6272K, reserved 1048576K
}
Event: 27.495 GC heap after
{Heap after GC invocations=616 (full 2):
 PSYoungGen      total 15360K, used 6629K [0x00000000d5580000, 0x00000000d6b80000, 0x0000000100000000)
  eden space 8704K, 0% used [0x00000000d5580000,0x00000000d5580000,0x00000000d5e00000)
  from space 6656K, 99% used [0x00000000d6500000,0x00000000d6b79520,0x00000000d6b80000)
  to   space 6656K, 0% used [0x00000000d5e00000,0x00000000d5e00000,0x00000000d6480000)
 ParOldGen       total 877056K, used 876866K [0x0000000080000000, 0x00000000b5880000, 0x00000000d5580000)
  object space 877056K, 99% used [0x0000000080000000,0x00000000b5850b38,0x00000000b5880000)
 Metaspace       used 52476K, committed 53760K, reserved 1114112K
  class space    used 5688K, committed 6272K, reserved 1048576K
}
Event: 27.587 GC heap before
{Heap before GC invocations=617 (full 2):
 PSYoungGen      total 15360K, used 15333K [0x00000000d5580000, 0x00000000d6b80000, 0x0000000100000000)
  eden space 8704K, 100% used [0x00000000d5580000,0x00000000d5e00000,0x00000000d5e00000)
  from space 6656K, 99% used [0x00000000d6500000,0x00000000d6b79520,0x00000000d6b80000)
  to   space 6656K, 0% used [0x00000000d5e00000,0x00000000d5e00000,0x00000000d6480000)
 ParOldGen       total 877056K, used 876866K [0x0000000080000000, 0x00000000b5880000, 0x00000000d5580000)
  object space 877056K, 99% used [0x0000000080000000,0x00000000b5850b38,0x00000000b5880000)
 Metaspace       used 52476K, committed 53760K, reserved 1114112K
  class space    used 5688K, committed 6272K, reserved 1048576K
}
Event: 29.626 GC heap after
{Heap after GC invocations=617 (full 2):
 PSYoungGen      total 15360K, used 6650K [0x00000000d5580000, 0x00000000d6b80000, 0x0000000100000000)
  eden space 8704K, 0% used [0x00000000d5580000,0x00000000d5580000,0x00000000d5e00000)
  from space 6656K, 99% used [0x00000000d5e00000,0x00000000d647eb20,0x00000000d6480000)
  to   space 6656K, 0% used [0x00000000d6500000,0x00000000d6500000,0x00000000d6b80000)
 ParOldGen       total 885760K, used 885536K [0x0000000080000000, 0x00000000b6100000, 0x00000000d5580000)
  object space 885760K, 99% used [0x0000000080000000,0x00000000b60c82d0,0x00000000b6100000)
 Metaspace       used 52476K, committed 53760K, reserved 1114112K
  class space    used 5688K, committed 6272K, reserved 1048576K
}
Event: 29.753 GC heap before
{Heap before GC invocations=618 (full 2):
 PSYoungGen      total 15360K, used 15354K [0x00000000d5580000, 0x00000000d6b80000, 0x0000000100000000)
  eden space 8704K, 100% used [0x00000000d5580000,0x00000000d5e00000,0x00000000d5e00000)
  from space 6656K, 99% used [0x00000000d5e00000,0x00000000d647eb20,0x00000000d6480000)
  to   space 6656K, 0% used [0x00000000d6500000,0x00000000d6500000,0x00000000d6b80000)
 ParOldGen       total 885760K, used 885536K [0x0000000080000000, 0x00000000b6100000, 0x00000000d5580000)
  object space 885760K, 99% used [0x0000000080000000,0x00000000b60c82d0,0x00000000b6100000)
 Metaspace       used 52476K, committed 53760K, reserved 1114112K
  class space    used 5688K, committed 6272K, reserved 1048576K
}
Event: 30.762 GC heap after
{Heap after GC invocations=618 (full 2):
 PSYoungGen      total 7680K, used 6642K [0x00000000d5580000, 0x00000000d7b00000, 0x0000000100000000)
  eden space 1024K, 0% used [0x00000000d5580000,0x00000000d5580000,0x00000000d5680000)
  from space 6656K, 99% used [0x00000000d6500000,0x00000000d6b7ca60,0x00000000d6b80000)
  to   space 14848K, 0% used [0x00000000d5680000,0x00000000d5680000,0x00000000d6500000)
 ParOldGen       total 893440K, used 893168K [0x0000000080000000, 0x00000000b6880000, 0x00000000d5580000)
  object space 893440K, 99% used [0x0000000080000000,0x00000000b683c010,0x00000000b6880000)
 Metaspace       used 52476K, committed 53760K, reserved 1114112K
  class space    used 5688K, committed 6272K, reserved 1048576K
}
Event: 30.771 GC heap before
{Heap before GC invocations=619 (full 2):
 PSYoungGen      total 7680K, used 7666K [0x00000000d5580000, 0x00000000d7b00000, 0x0000000100000000)
  eden space 1024K, 100% used [0x00000000d5580000,0x00000000d5680000,0x00000000d5680000)
  from space 6656K, 99% used [0x00000000d6500000,0x00000000d6b7ca60,0x00000000d6b80000)
  to   space 14848K, 0% used [0x00000000d5680000,0x00000000d5680000,0x00000000d6500000)
 ParOldGen       total 893440K, used 893168K [0x0000000080000000, 0x00000000b6880000, 0x00000000d5580000)
  object space 893440K, 99% used [0x0000000080000000,0x00000000b683c010,0x00000000b6880000)
 Metaspace       used 52476K, committed 53760K, reserved 1114112K
  class space    used 5688K, committed 6272K, reserved 1048576K
}
Event: 33.778 GC heap after
{Heap after GC invocations=619 (full 2):
 PSYoungGen      total 2048K, used 736K [0x00000000d5580000, 0x00000000d6580000, 0x0000000100000000)
  eden space 1024K, 0% used [0x00000000d5580000,0x00000000d5580000,0x00000000d5680000)
  from space 1024K, 71% used [0x00000000d5680000,0x00000000d5738000,0x00000000d5780000)
  to   space 6144K, 0% used [0x00000000d5f80000,0x00000000d5f80000,0x00000000d6580000)
 ParOldGen       total 900096K, used 899732K [0x0000000080000000, 0x00000000b6f00000, 0x00000000d5580000)
  object space 900096K, 99% used [0x0000000080000000,0x00000000b6ea53c8,0x00000000b6f00000)
 Metaspace       used 52476K, committed 53760K, reserved 1114112K
  class space    used 5688K, committed 6272K, reserved 1048576K
}
Event: 33.782 GC heap before
{Heap before GC invocations=620 (full 2):
 PSYoungGen      total 2048K, used 1759K [0x00000000d5580000, 0x00000000d6580000, 0x0000000100000000)
  eden space 1024K, 99% used [0x00000000d5580000,0x00000000d567fef0,0x00000000d5680000)
  from space 1024K, 71% used [0x00000000d5680000,0x00000000d5738000,0x00000000d5780000)
  to   space 6144K, 0% used [0x00000000d5f80000,0x00000000d5f80000,0x00000000d6580000)
 ParOldGen       total 900096K, used 899732K [0x0000000080000000, 0x00000000b6f00000, 0x00000000d5580000)
  object space 900096K, 99% used [0x0000000080000000,0x00000000b6ea53c8,0x00000000b6f00000)
 Metaspace       used 52477K, committed 53760K, reserved 1114112K
  class space    used 5688K, committed 6272K, reserved 1048576K
}
Event: 33.784 GC heap after
{Heap after GC invocations=620 (full 2):
 PSYoungGen      total 3072K, used 1048K [0x00000000d5580000, 0x00000000d6100000, 0x0000000100000000)
  eden space 1536K, 0% used [0x00000000d5580000,0x00000000d5580000,0x00000000d5700000)
  from space 1536K, 68% used [0x00000000d5f80000,0x00000000d6086190,0x00000000d6100000)
  to   space 2048K, 0% used [0x00000000d5d00000,0x00000000d5d00000,0x00000000d5f00000)
 ParOldGen       total 900608K, used 900380K [0x0000000080000000, 0x00000000b6f80000, 0x00000000d5580000)
  object space 900608K, 99% used [0x0000000080000000,0x00000000b6f473c8,0x00000000b6f80000)
 Metaspace       used 52477K, committed 53760K, reserved 1114112K
  class space    used 5688K, committed 6272K, reserved 1048576K
}
Event: 33.792 GC heap before
{Heap before GC invocations=621 (full 2):
 PSYoungGen      total 3072K, used 2584K [0x00000000d5580000, 0x00000000d6100000, 0x0000000100000000)
  eden space 1536K, 100% used [0x00000000d5580000,0x00000000d5700000,0x00000000d5700000)
  from space 1536K, 68% used [0x00000000d5f80000,0x00000000d6086190,0x00000000d6100000)
  to   space 2048K, 0% used [0x00000000d5d00000,0x00000000d5d00000,0x00000000d5f00000)
 ParOldGen       total 900608K, used 900380K [0x0000000080000000, 0x00000000b6f80000, 0x00000000d5580000)
  object space 900608K, 99% used [0x0000000080000000,0x00000000b6f473c8,0x00000000b6f80000)
 Metaspace       used 52494K, committed 53760K, reserved 1114112K
  class space    used 5688K, committed 6272K, reserved 1048576K
}
Event: 33.794 GC heap after
{Heap after GC invocations=621 (full 2):
 PSYoungGen      total 3072K, used 905K [0x00000000d5580000, 0x00000000d6000000, 0x0000000100000000)
  eden space 2048K, 0% used [0x00000000d5580000,0x00000000d5580000,0x00000000d5780000)
  from space 1024K, 88% used [0x00000000d5d00000,0x00000000d5de25d8,0x00000000d5e00000)
  to   space 1536K, 0% used [0x00000000d5e80000,0x00000000d5e80000,0x00000000d6000000)
 ParOldGen       total 901632K, used 901245K [0x0000000080000000, 0x00000000b7080000, 0x00000000d5580000)
  object space 901632K, 99% used [0x0000000080000000,0x00000000b701f568,0x00000000b7080000)
 Metaspace       used 52494K, committed 53760K, reserved 1114112K
  class space    used 5688K, committed 6272K, reserved 1048576K
}
Event: 33.808 GC heap before
{Heap before GC invocations=622 (full 2):
 PSYoungGen      total 3072K, used 2953K [0x00000000d5580000, 0x00000000d6000000, 0x0000000100000000)
  eden space 2048K, 100% used [0x00000000d5580000,0x00000000d5780000,0x00000000d5780000)
  from space 1024K, 88% used [0x00000000d5d00000,0x00000000d5de25d8,0x00000000d5e00000)
  to   space 1536K, 0% used [0x00000000d5e80000,0x00000000d5e80000,0x00000000d6000000)
 ParOldGen       total 901632K, used 901245K [0x0000000080000000, 0x00000000b7080000, 0x00000000d5580000)
  object space 901632K, 99% used [0x0000000080000000,0x00000000b701f568,0x00000000b7080000)
 Metaspace       used 52504K, committed 53760K, reserved 1114112K
  class space    used 5688K, committed 6272K, reserved 1048576K
}
Event: 33.810 GC heap after
{Heap after GC invocations=622 (full 2):
 PSYoungGen      total 4096K, used 1152K [0x00000000d5580000, 0x00000000d6000000, 0x0000000100000000)
  eden space 2560K, 0% used [0x00000000d5580000,0x00000000d5580000,0x00000000d5800000)
  from space 1536K, 75% used [0x00000000d5e80000,0x00000000d5fa0010,0x00000000d6000000)
  to   space 1536K, 0% used [0x00000000d5d00000,0x00000000d5d00000,0x00000000d5e80000)
 ParOldGen       total 902144K, used 901928K [0x0000000080000000, 0x00000000b7100000, 0x00000000d5580000)
  object space 902144K, 99% used [0x0000000080000000,0x00000000b70ca2e8,0x00000000b7100000)
 Metaspace       used 52504K, committed 53760K, reserved 1114112K
  class space    used 5688K, committed 6272K, reserved 1048576K
}
Event: 33.872 GC heap before
{Heap before GC invocations=623 (full 2):
 PSYoungGen      total 4096K, used 3712K [0x00000000d5580000, 0x00000000d6000000, 0x0000000100000000)
  eden space 2560K, 100% used [0x00000000d5580000,0x00000000d5800000,0x00000000d5800000)
  from space 1536K, 75% used [0x00000000d5e80000,0x00000000d5fa0010,0x00000000d6000000)
  to   space 1536K, 0% used [0x00000000d5d00000,0x00000000d5d00000,0x00000000d5e80000)
 ParOldGen       total 902144K, used 901928K [0x0000000080000000, 0x00000000b7100000, 0x00000000d5580000)
  object space 902144K, 99% used [0x0000000080000000,0x00000000b70ca2e8,0x00000000b7100000)
 Metaspace       used 52699K, committed 54016K, reserved 1114112K
  class space    used 5697K, committed 6272K, reserved 1048576K
}
Event: 33.874 GC heap after
{Heap after GC invocations=623 (full 2):
 PSYoungGen      total 4096K, used 1152K [0x00000000d5580000, 0x00000000d5f00000, 0x0000000100000000)
  eden space 2560K, 0% used [0x00000000d5580000,0x00000000d5580000,0x00000000d5800000)
  from space 1536K, 75% used [0x00000000d5d00000,0x00000000d5e20000,0x00000000d5e80000)
  to   space 512K, 0% used [0x00000000d5e80000,0x00000000d5e80000,0x00000000d5f00000)
 ParOldGen       total 903168K, used 902800K [0x0000000080000000, 0x00000000b7200000, 0x00000000d5580000)
  object space 903168K, 99% used [0x0000000080000000,0x00000000b71a4308,0x00000000b7200000)
 Metaspace       used 52699K, committed 54016K, reserved 1114112K
  class space    used 5697K, committed 6272K, reserved 1048576K
}

