# JRE version: OpenJDK Runtime Environment Temurin-21.0.8+9 (21.0.8+9) (build 21.0.8+9-LTS)
# Java VM: OpenJDK 64-Bit Server VM Temurin-21.0.8+9 (21.0.8+9-LTS, mixed mode, sharing, tiered, compressed oops, compressed class ptrs, parallel gc, windows-amd64)
GC Precious Log:
 CardTable entry size: 512
 CPUs: 12 total, 12 available
 Memory: 7930M
 Large Page Support: Disabled
 NUMA Support: Disabled
 Compressed Oops: Enabled (32-bit)
 Alignments: Space 512K, Generation 512K, Heap 2M
 Heap Min Capacity: 100M
 Heap Initial Capacity: 100M
 Heap Max Capacity: 2G
 Pre-touch: Disabled
 Parallel Workers: 10
Heap:
 PSYoungGen      total 9728K, used 9217K [0x00000000d5580000, 0x00000000d6080000, 0x0000000100000000)
  eden space 8192K, 100% used [0x00000000d5580000,0x00000000d5d80000,0x00000000d5d80000)
  from space 1536K, 66% used [0x00000000d5f00000,0x00000000d6000628,0x00000000d6080000)
  to   space 1536K, 43% used [0x00000000d5d80000,0x00000000d5e28000,0x00000000d5f00000)
 ParOldGen       total 1272832K, used 1272824K [0x0000000080000000, 0x00000000cdb00000, 0x00000000d5580000)
  object space 1272832K, 99% used [0x0000000080000000,0x00000000cdafe188,0x00000000cdb00000)
 Metaspace       used 67011K, committed 68416K, reserved 1114112K
  class space    used 7502K, committed 8128K, reserved 1048576K
GC Heap History (20 events):
Event: 31.453 GC heap before
{Heap before GC invocations=1559 (full 3):
 PSYoungGen      total 10240K, used 10128K [0x00000000d5580000, 0x00000000d6200000, 0x0000000100000000)
  eden space 8704K, 100% used [0x00000000d5580000,0x00000000d5e00000,0x00000000d5e00000)
  from space 1536K, 92% used [0x00000000d5e80000,0x00000000d5fe4010,0x00000000d6000000)
  to   space 2048K, 0% used [0x00000000d6000000,0x00000000d6000000,0x00000000d6200000)
 ParOldGen       total 1262592K, used 1262315K [0x0000000080000000, 0x00000000cd100000, 0x00000000d5580000)
  object space 1262592K, 99% used [0x0000000080000000,0x00000000cd0bad48,0x00000000cd100000)
 Metaspace       used 66831K, committed 68224K, reserved 1114112K
  class space    used 7492K, committed 8128K, reserved 1048576K
}
Event: 31.456 GC heap after
{Heap after GC invocations=1559 (full 3):
 PSYoungGen      total 10240K, used 1280K [0x00000000d5580000, 0x00000000d6180000, 0x0000000100000000)
  eden space 8704K, 0% used [0x00000000d5580000,0x00000000d5580000,0x00000000d5e00000)
  from space 1536K, 83% used [0x00000000d6000000,0x00000000d6140010,0x00000000d6180000)
  to   space 1536K, 0% used [0x00000000d5e80000,0x00000000d5e80000,0x00000000d6000000)
 ParOldGen       total 1263616K, used 1263579K [0x0000000080000000, 0x00000000cd200000, 0x00000000d5580000)
  object space 1263616K, 99% used [0x0000000080000000,0x00000000cd1f6d68,0x00000000cd200000)
 Metaspace       used 66831K, committed 68224K, reserved 1114112K
  class space    used 7492K, committed 8128K, reserved 1048576K
}
Event: 31.468 GC heap before
{Heap before GC invocations=1560 (full 3):
 PSYoungGen      total 10240K, used 9984K [0x00000000d5580000, 0x00000000d6180000, 0x0000000100000000)
  eden space 8704K, 100% used [0x00000000d5580000,0x00000000d5e00000,0x00000000d5e00000)
  from space 1536K, 83% used [0x00000000d6000000,0x00000000d6140010,0x00000000d6180000)
  to   space 1536K, 0% used [0x00000000d5e80000,0x00000000d5e80000,0x00000000d6000000)
 ParOldGen       total 1263616K, used 1263579K [0x0000000080000000, 0x00000000cd200000, 0x00000000d5580000)
  object space 1263616K, 99% used [0x0000000080000000,0x00000000cd1f6d68,0x00000000cd200000)
 Metaspace       used 66865K, committed 68288K, reserved 1114112K
  class space    used 7496K, committed 8128K, reserved 1048576K
}
Event: 31.470 GC heap after
{Heap after GC invocations=1560 (full 3):
 PSYoungGen      total 10240K, used 1178K [0x00000000d5580000, 0x00000000d6100000, 0x0000000100000000)
  eden space 8704K, 0% used [0x00000000d5580000,0x00000000d5580000,0x00000000d5e00000)
  from space 1536K, 76% used [0x00000000d5e80000,0x00000000d5fa6a00,0x00000000d6000000)
  to   space 1024K, 0% used [0x00000000d6000000,0x00000000d6000000,0x00000000d6100000)
 ParOldGen       total 1265152K, used 1264691K [0x0000000080000000, 0x00000000cd380000, 0x00000000d5580000)
  object space 1265152K, 99% used [0x0000000080000000,0x00000000cd30cd78,0x00000000cd380000)
 Metaspace       used 66865K, committed 68288K, reserved 1114112K
  class space    used 7496K, committed 8128K, reserved 1048576K
}
Event: 31.481 GC heap before
{Heap before GC invocations=1561 (full 3):
 PSYoungGen      total 10240K, used 9882K [0x00000000d5580000, 0x00000000d6100000, 0x0000000100000000)
  eden space 8704K, 100% used [0x00000000d5580000,0x00000000d5e00000,0x00000000d5e00000)
  from space 1536K, 76% used [0x00000000d5e80000,0x00000000d5fa6a00,0x00000000d6000000)
  to   space 1024K, 0% used [0x00000000d6000000,0x00000000d6000000,0x00000000d6100000)
 ParOldGen       total 1265152K, used 1264691K [0x0000000080000000, 0x00000000cd380000, 0x00000000d5580000)
  object space 1265152K, 99% used [0x0000000080000000,0x00000000cd30cd78,0x00000000cd380000)
 Metaspace       used 67006K, committed 68416K, reserved 1114112K
  class space    used 7501K, committed 8128K, reserved 1048576K
}
Event: 31.483 GC heap after
{Heap after GC invocations=1561 (full 3):
 PSYoungGen      total 9728K, used 832K [0x00000000d5580000, 0x00000000d6100000, 0x0000000100000000)
  eden space 8704K, 0% used [0x00000000d5580000,0x00000000d5580000,0x00000000d5e00000)
  from space 1024K, 81% used [0x00000000d6000000,0x00000000d60d0000,0x00000000d6100000)
  to   space 1024K, 0% used [0x00000000d5f00000,0x00000000d5f00000,0x00000000d6000000)
 ParOldGen       total 1265664K, used 1265599K [0x0000000080000000, 0x00000000cd400000, 0x00000000d5580000)
  object space 1265664K, 99% used [0x0000000080000000,0x00000000cd3eff90,0x00000000cd400000)
 Metaspace       used 67006K, committed 68416K, reserved 1114112K
  class space    used 7501K, committed 8128K, reserved 1048576K
}
Event: 31.494 GC heap before
{Heap before GC invocations=1562 (full 3):
 PSYoungGen      total 9728K, used 9536K [0x00000000d5580000, 0x00000000d6100000, 0x0000000100000000)
  eden space 8704K, 100% used [0x00000000d5580000,0x00000000d5e00000,0x00000000d5e00000)
  from space 1024K, 81% used [0x00000000d6000000,0x00000000d60d0000,0x00000000d6100000)
  to   space 1024K, 0% used [0x00000000d5f00000,0x00000000d5f00000,0x00000000d6000000)
 ParOldGen       total 1265664K, used 1265599K [0x0000000080000000, 0x00000000cd400000, 0x00000000d5580000)
  object space 1265664K, 99% used [0x0000000080000000,0x00000000cd3eff90,0x00000000cd400000)
 Metaspace       used 67010K, committed 68416K, reserved 1114112K
  class space    used 7502K, committed 8128K, reserved 1048576K
}
Event: 31.496 GC heap after
{Heap after GC invocations=1562 (full 3):
 PSYoungGen      total 9728K, used 1024K [0x00000000d5580000, 0x00000000d6100000, 0x0000000100000000)
  eden space 8704K, 0% used [0x00000000d5580000,0x00000000d5580000,0x00000000d5e00000)
  from space 1024K, 100% used [0x00000000d5f00000,0x00000000d6000000,0x00000000d6000000)
  to   space 1024K, 0% used [0x00000000d6000000,0x00000000d6000000,0x00000000d6100000)
 ParOldGen       total 1266688K, used 1266288K [0x0000000080000000, 0x00000000cd500000, 0x00000000d5580000)
  object space 1266688K, 99% used [0x0000000080000000,0x00000000cd49c178,0x00000000cd500000)
 Metaspace       used 67010K, committed 68416K, reserved 1114112K
  class space    used 7502K, committed 8128K, reserved 1048576K
}
Event: 31.507 GC heap before
{Heap before GC invocations=1563 (full 3):
 PSYoungGen      total 9728K, used 9728K [0x00000000d5580000, 0x00000000d6100000, 0x0000000100000000)
  eden space 8704K, 100% used [0x00000000d5580000,0x00000000d5e00000,0x00000000d5e00000)
  from space 1024K, 100% used [0x00000000d5f00000,0x00000000d6000000,0x00000000d6000000)
  to   space 1024K, 0% used [0x00000000d6000000,0x00000000d6000000,0x00000000d6100000)
 ParOldGen       total 1266688K, used 1266288K [0x0000000080000000, 0x00000000cd500000, 0x00000000d5580000)
  object space 1266688K, 99% used [0x0000000080000000,0x00000000cd49c178,0x00000000cd500000)
 Metaspace       used 67010K, committed 68416K, reserved 1114112K
  class space    used 7502K, committed 8128K, reserved 1048576K
}
Event: 31.509 GC heap after
{Heap after GC invocations=1563 (full 3):
 PSYoungGen      total 9216K, used 1010K [0x00000000d5580000, 0x00000000d6300000, 0x0000000100000000)
  eden space 8192K, 0% used [0x00000000d5580000,0x00000000d5580000,0x00000000d5d80000)
  from space 1024K, 98% used [0x00000000d6000000,0x00000000d60fca70,0x00000000d6100000)
  to   space 2560K, 0% used [0x00000000d5d80000,0x00000000d5d80000,0x00000000d6000000)
 ParOldGen       total 1267712K, used 1267392K [0x0000000080000000, 0x00000000cd600000, 0x00000000d5580000)
  object space 1267712K, 99% used [0x0000000080000000,0x00000000cd5b0188,0x00000000cd600000)
 Metaspace       used 67010K, committed 68416K, reserved 1114112K
  class space    used 7502K, committed 8128K, reserved 1048576K
}
Event: 31.519 GC heap before
{Heap before GC invocations=1564 (full 3):
 PSYoungGen      total 9216K, used 9202K [0x00000000d5580000, 0x00000000d6300000, 0x0000000100000000)
  eden space 8192K, 100% used [0x00000000d5580000,0x00000000d5d80000,0x00000000d5d80000)
  from space 1024K, 98% used [0x00000000d6000000,0x00000000d60fca70,0x00000000d6100000)
  to   space 2560K, 0% used [0x00000000d5d80000,0x00000000d5d80000,0x00000000d6000000)
 ParOldGen       total 1267712K, used 1267392K [0x0000000080000000, 0x00000000cd600000, 0x00000000d5580000)
  object space 1267712K, 99% used [0x0000000080000000,0x00000000cd5b0188,0x00000000cd600000)
 Metaspace       used 67010K, committed 68416K, reserved 1114112K
  class space    used 7502K, committed 8128K, reserved 1048576K
}
Event: 31.521 GC heap after
{Heap after GC invocations=1564 (full 3):
 PSYoungGen      total 9728K, used 1088K [0x00000000d5580000, 0x00000000d6080000, 0x0000000100000000)
  eden space 8192K, 0% used [0x00000000d5580000,0x00000000d5580000,0x00000000d5d80000)
  from space 1536K, 70% used [0x00000000d5d80000,0x00000000d5e90000,0x00000000d5f00000)
  to   space 1536K, 0% used [0x00000000d5f00000,0x00000000d5f00000,0x00000000d6080000)
 ParOldGen       total 1268224K, used 1268216K [0x0000000080000000, 0x00000000cd680000, 0x00000000d5580000)
  object space 1268224K, 99% used [0x0000000080000000,0x00000000cd67e188,0x00000000cd680000)
 Metaspace       used 67010K, committed 68416K, reserved 1114112K
  class space    used 7502K, committed 8128K, reserved 1048576K
}
Event: 31.531 GC heap before
{Heap before GC invocations=1565 (full 3):
 PSYoungGen      total 9728K, used 9256K [0x00000000d5580000, 0x00000000d6080000, 0x0000000100000000)
  eden space 8192K, 99% used [0x00000000d5580000,0x00000000d5d7a1c0,0x00000000d5d80000)
  from space 1536K, 70% used [0x00000000d5d80000,0x00000000d5e90000,0x00000000d5f00000)
  to   space 1536K, 0% used [0x00000000d5f00000,0x00000000d5f00000,0x00000000d6080000)
 ParOldGen       total 1268224K, used 1268216K [0x0000000080000000, 0x00000000cd680000, 0x00000000d5580000)
  object space 1268224K, 99% used [0x0000000080000000,0x00000000cd67e188,0x00000000cd680000)
 Metaspace       used 67010K, committed 68416K, reserved 1114112K
  class space    used 7502K, committed 8128K, reserved 1048576K
}
Event: 31.533 GC heap after
{Heap after GC invocations=1565 (full 3):
 PSYoungGen      total 9728K, used 1130K [0x00000000d5580000, 0x00000000d6080000, 0x0000000100000000)
  eden space 8192K, 0% used [0x00000000d5580000,0x00000000d5580000,0x00000000d5d80000)
  from space 1536K, 73% used [0x00000000d5f00000,0x00000000d601abb0,0x00000000d6080000)
  to   space 1536K, 0% used [0x00000000d5d80000,0x00000000d5d80000,0x00000000d5f00000)
 ParOldGen       total 1269248K, used 1269088K [0x0000000080000000, 0x00000000cd780000, 0x00000000d5580000)
  object space 1269248K, 99% used [0x0000000080000000,0x00000000cd758188,0x00000000cd780000)
 Metaspace       used 67010K, committed 68416K, reserved 1114112K
  class space    used 7502K, committed 8128K, reserved 1048576K
}
Event: 31.544 GC heap before
{Heap before GC invocations=1566 (full 3):
 PSYoungGen      total 9728K, used 9322K [0x00000000d5580000, 0x00000000d6080000, 0x0000000100000000)
  eden space 8192K, 100% used [0x00000000d5580000,0x00000000d5d80000,0x00000000d5d80000)
  from space 1536K, 73% used [0x00000000d5f00000,0x00000000d601abb0,0x00000000d6080000)
  to   space 1536K, 0% used [0x00000000d5d80000,0x00000000d5d80000,0x00000000d5f00000)
 ParOldGen       total 1269248K, used 1269088K [0x0000000080000000, 0x00000000cd780000, 0x00000000d5580000)
  object space 1269248K, 99% used [0x0000000080000000,0x00000000cd758188,0x00000000cd780000)
 Metaspace       used 67010K, committed 68416K, reserved 1114112K
  class space    used 7502K, committed 8128K, reserved 1048576K
}
Event: 31.546 GC heap after
{Heap after GC invocations=1566 (full 3):
 PSYoungGen      total 9728K, used 1024K [0x00000000d5580000, 0x00000000d6080000, 0x0000000100000000)
  eden space 8192K, 0% used [0x00000000d5580000,0x00000000d5580000,0x00000000d5d80000)
  from space 1536K, 66% used [0x00000000d5d80000,0x00000000d5e80000,0x00000000d5f00000)
  to   space 1536K, 0% used [0x00000000d5f00000,0x00000000d5f00000,0x00000000d6080000)
 ParOldGen       total 1270272K, used 1269904K [0x0000000080000000, 0x00000000cd880000, 0x00000000d5580000)
  object space 1270272K, 99% used [0x0000000080000000,0x00000000cd824188,0x00000000cd880000)
 Metaspace       used 67010K, committed 68416K, reserved 1114112K
  class space    used 7502K, committed 8128K, reserved 1048576K
}
Event: 31.556 GC heap before
{Heap before GC invocations=1567 (full 3):
 PSYoungGen      total 9728K, used 9216K [0x00000000d5580000, 0x00000000d6080000, 0x0000000100000000)
  eden space 8192K, 100% used [0x00000000d5580000,0x00000000d5d80000,0x00000000d5d80000)
  from space 1536K, 66% used [0x00000000d5d80000,0x00000000d5e80000,0x00000000d5f00000)
  to   space 1536K, 0% used [0x00000000d5f00000,0x00000000d5f00000,0x00000000d6080000)
 ParOldGen       total 1270272K, used 1269904K [0x0000000080000000, 0x00000000cd880000, 0x00000000d5580000)
  object space 1270272K, 99% used [0x0000000080000000,0x00000000cd824188,0x00000000cd880000)
 Metaspace       used 67010K, committed 68416K, reserved 1114112K
  class space    used 7502K, committed 8128K, reserved 1048576K
}
Event: 31.558 GC heap after
{Heap after GC invocations=1567 (full 3):
 PSYoungGen      total 9216K, used 939K [0x00000000d5580000, 0x00000000d6000000, 0x0000000100000000)
  eden space 8192K, 0% used [0x00000000d5580000,0x00000000d5580000,0x00000000d5d80000)
  from space 1024K, 91% used [0x00000000d5f00000,0x00000000d5fead58,0x00000000d6000000)
  to   space 1024K, 0% used [0x00000000d5e00000,0x00000000d5e00000,0x00000000d5f00000)
 ParOldGen       total 1270784K, used 1270728K [0x0000000080000000, 0x00000000cd900000, 0x00000000d5580000)
  object space 1270784K, 99% used [0x0000000080000000,0x00000000cd8f2188,0x00000000cd900000)
 Metaspace       used 67010K, committed 68416K, reserved 1114112K
  class space    used 7502K, committed 8128K, reserved 1048576K
}
Event: 31.571 GC heap before
{Heap before GC invocations=1568 (full 3):
 PSYoungGen      total 9216K, used 9131K [0x00000000d5580000, 0x00000000d6000000, 0x0000000100000000)
  eden space 8192K, 100% used [0x00000000d5580000,0x00000000d5d80000,0x00000000d5d80000)
  from space 1024K, 91% used [0x00000000d5f00000,0x00000000d5fead58,0x00000000d6000000)
  to   space 1024K, 0% used [0x00000000d5e00000,0x00000000d5e00000,0x00000000d5f00000)
 ParOldGen       total 1270784K, used 1270728K [0x0000000080000000, 0x00000000cd900000, 0x00000000d5580000)
  object space 1270784K, 99% used [0x0000000080000000,0x00000000cd8f2188,0x00000000cd900000)
 Metaspace       used 67010K, committed 68416K, reserved 1114112K
  class space    used 7502K, committed 8128K, reserved 1048576K
}
Event: 31.573 GC heap after
{Heap after GC invocations=1568 (full 3):
 PSYoungGen      total 9216K, used 1024K [0x00000000d5580000, 0x00000000d6080000, 0x0000000100000000)
  eden space 8192K, 0% used [0x00000000d5580000,0x00000000d5580000,0x00000000d5d80000)
  from space 1024K, 100% used [0x00000000d5e00000,0x00000000d5f00000,0x00000000d5f00000)
  to   space 1536K, 0% used [0x00000000d5f00000,0x00000000d5f00000,0x00000000d6080000)
 ParOldGen       total 1271808K, used 1271496K [0x0000000080000000, 0x00000000cda00000, 0x00000000d5580000)
  object space 1271808K, 99% used [0x0000000080000000,0x00000000cd9b2188,0x00000000cda00000)
 Metaspace       used 67010K, committed 68416K, reserved 1114112K
  class space    used 7502K, committed 8128K, reserved 1048576K
}

