# JRE version: OpenJDK Runtime Environment Temurin-21.0.8+9 (21.0.8+9) (build 21.0.8+9-LTS)
# Java VM: OpenJDK 64-Bit Server VM Temurin-21.0.8+9 (21.0.8+9-LTS, mixed mode, sharing, tiered, compressed oops, compressed class ptrs, parallel gc, windows-amd64)
GC Precious Log:
 CardTable entry size: 512
 CPUs: 12 total, 12 available
 Memory: 7930M
 Large Page Support: Disabled
 NUMA Support: Disabled
 Compressed Oops: Enabled (32-bit)
 Alignments: Space 512K, Generation 512K, Heap 2M
 Heap Min Capacity: 100M
 Heap Initial Capacity: 100M
 Heap Max Capacity: 2G
 Pre-touch: Disabled
 Parallel Workers: 10
Heap:
 PSYoungGen      total 10752K, used 2816K [0x00000000d5580000, 0x00000000d6280000, 0x0000000100000000)
  eden space 9728K, 18% used [0x00000000d5580000,0x00000000d57483a0,0x00000000d5f00000)
  from space 1024K, 96% used [0x00000000d5f00000,0x00000000d5ff8000,0x00000000d6000000)
  to   space 1536K, 0% used [0x00000000d6100000,0x00000000d6100000,0x00000000d6280000)
 ParOldGen       total 1205760K, used 1205638K [0x0000000080000000, 0x00000000c9980000, 0x00000000d5580000)
  object space 1205760K, 99% used [0x0000000080000000,0x00000000c99619a0,0x00000000c9980000)
 Metaspace       used 67573K, committed 68992K, reserved 1114112K
  class space    used 7568K, committed 8192K, reserved 1048576K
GC Heap History (20 events):
Event: 52.606 GC heap before
{Heap before GC invocations=2198 (full 4):
 PSYoungGen      total 5120K, used 5024K [0x00000000d5580000, 0x00000000d5f80000, 0x0000000100000000)
  eden space 2560K, 100% used [0x00000000d5580000,0x00000000d5800000,0x00000000d5800000)
  from space 2560K, 96% used [0x00000000d5800000,0x00000000d5a681f0,0x00000000d5a80000)
  to   space 3584K, 0% used [0x00000000d5c00000,0x00000000d5c00000,0x00000000d5f80000)
 ParOldGen       total 1178624K, used 1178209K [0x0000000080000000, 0x00000000c7f00000, 0x00000000d5580000)
  object space 1178624K, 99% used [0x0000000080000000,0x00000000c7e98688,0x00000000c7f00000)
 Metaspace       used 67258K, committed 68736K, reserved 1114112K
  class space    used 7537K, committed 8192K, reserved 1048576K
}
Event: 52.609 GC heap after
{Heap after GC invocations=2198 (full 4):
 PSYoungGen      total 6144K, used 2592K [0x00000000d5580000, 0x00000000d5f00000, 0x0000000100000000)
  eden space 3072K, 0% used [0x00000000d5580000,0x00000000d5580000,0x00000000d5880000)
  from space 3072K, 84% used [0x00000000d5c00000,0x00000000d5e88000,0x00000000d5f00000)
  to   space 3072K, 0% used [0x00000000d5900000,0x00000000d5900000,0x00000000d5c00000)
 ParOldGen       total 1180672K, used 1180554K [0x0000000080000000, 0x00000000c8100000, 0x00000000d5580000)
  object space 1180672K, 99% used [0x0000000080000000,0x00000000c80e2bc8,0x00000000c8100000)
 Metaspace       used 67258K, committed 68736K, reserved 1114112K
  class space    used 7537K, committed 8192K, reserved 1048576K
}
Event: 52.611 GC heap before
{Heap before GC invocations=2199 (full 4):
 PSYoungGen      total 6144K, used 5664K [0x00000000d5580000, 0x00000000d5f00000, 0x0000000100000000)
  eden space 3072K, 100% used [0x00000000d5580000,0x00000000d5880000,0x00000000d5880000)
  from space 3072K, 84% used [0x00000000d5c00000,0x00000000d5e88000,0x00000000d5f00000)
  to   space 3072K, 0% used [0x00000000d5900000,0x00000000d5900000,0x00000000d5c00000)
 ParOldGen       total 1180672K, used 1180554K [0x0000000080000000, 0x00000000c8100000, 0x00000000d5580000)
  object space 1180672K, 99% used [0x0000000080000000,0x00000000c80e2bc8,0x00000000c8100000)
 Metaspace       used 67261K, committed 68736K, reserved 1114112K
  class space    used 7538K, committed 8192K, reserved 1048576K
}
Event: 52.614 GC heap after
{Heap after GC invocations=2199 (full 4):
 PSYoungGen      total 6656K, used 3017K [0x00000000d5580000, 0x00000000d6080000, 0x0000000100000000)
  eden space 3584K, 0% used [0x00000000d5580000,0x00000000d5580000,0x00000000d5900000)
  from space 3072K, 98% used [0x00000000d5900000,0x00000000d5bf24f0,0x00000000d5c00000)
  to   space 3584K, 0% used [0x00000000d5d00000,0x00000000d5d00000,0x00000000d6080000)
 ParOldGen       total 1183232K, used 1183001K [0x0000000080000000, 0x00000000c8380000, 0x00000000d5580000)
  object space 1183232K, 99% used [0x0000000080000000,0x00000000c83466d8,0x00000000c8380000)
 Metaspace       used 67261K, committed 68736K, reserved 1114112K
  class space    used 7538K, committed 8192K, reserved 1048576K
}
Event: 52.617 GC heap before
{Heap before GC invocations=2200 (full 4):
 PSYoungGen      total 6656K, used 6601K [0x00000000d5580000, 0x00000000d6080000, 0x0000000100000000)
  eden space 3584K, 100% used [0x00000000d5580000,0x00000000d5900000,0x00000000d5900000)
  from space 3072K, 98% used [0x00000000d5900000,0x00000000d5bf24f0,0x00000000d5c00000)
  to   space 3584K, 0% used [0x00000000d5d00000,0x00000000d5d00000,0x00000000d6080000)
 ParOldGen       total 1183232K, used 1183001K [0x0000000080000000, 0x00000000c8380000, 0x00000000d5580000)
  object space 1183232K, 99% used [0x0000000080000000,0x00000000c83466d8,0x00000000c8380000)
 Metaspace       used 67262K, committed 68736K, reserved 1114112K
  class space    used 7538K, committed 8192K, reserved 1048576K
}
Event: 52.620 GC heap after
{Heap after GC invocations=2200 (full 4):
 PSYoungGen      total 7168K, used 3488K [0x00000000d5580000, 0x00000000d6200000, 0x0000000100000000)
  eden space 3584K, 0% used [0x00000000d5580000,0x00000000d5580000,0x00000000d5900000)
  from space 3584K, 97% used [0x00000000d5d00000,0x00000000d6068000,0x00000000d6080000)
  to   space 4096K, 0% used [0x00000000d5900000,0x00000000d5900000,0x00000000d5d00000)
 ParOldGen       total 1186304K, used 1185897K [0x0000000080000000, 0x00000000c8680000, 0x00000000d5580000)
  object space 1186304K, 99% used [0x0000000080000000,0x00000000c861a5c0,0x00000000c8680000)
 Metaspace       used 67262K, committed 68736K, reserved 1114112K
  class space    used 7538K, committed 8192K, reserved 1048576K
}
Event: 52.623 GC heap before
{Heap before GC invocations=2201 (full 4):
 PSYoungGen      total 7168K, used 7071K [0x00000000d5580000, 0x00000000d6200000, 0x0000000100000000)
  eden space 3584K, 99% used [0x00000000d5580000,0x00000000d58fffe0,0x00000000d5900000)
  from space 3584K, 97% used [0x00000000d5d00000,0x00000000d6068000,0x00000000d6080000)
  to   space 4096K, 0% used [0x00000000d5900000,0x00000000d5900000,0x00000000d5d00000)
 ParOldGen       total 1186304K, used 1185897K [0x0000000080000000, 0x00000000c8680000, 0x00000000d5580000)
  object space 1186304K, 99% used [0x0000000080000000,0x00000000c861a5c0,0x00000000c8680000)
 Metaspace       used 67266K, committed 68736K, reserved 1114112K
  class space    used 7538K, committed 8192K, reserved 1048576K
}
Event: 52.627 GC heap after
{Heap after GC invocations=2201 (full 4):
 PSYoungGen      total 7680K, used 3450K [0x00000000d5580000, 0x00000000d6100000, 0x0000000100000000)
  eden space 3584K, 0% used [0x00000000d5580000,0x00000000d5580000,0x00000000d5900000)
  from space 4096K, 84% used [0x00000000d5900000,0x00000000d5c5ea50,0x00000000d5d00000)
  to   space 3584K, 0% used [0x00000000d5d80000,0x00000000d5d80000,0x00000000d6100000)
 ParOldGen       total 1189376K, used 1189296K [0x0000000080000000, 0x00000000c8980000, 0x00000000d5580000)
  object space 1189376K, 99% used [0x0000000080000000,0x00000000c896c2e0,0x00000000c8980000)
 Metaspace       used 67266K, committed 68736K, reserved 1114112K
  class space    used 7538K, committed 8192K, reserved 1048576K
}
Event: 52.649 GC heap before
{Heap before GC invocations=2202 (full 4):
 PSYoungGen      total 7680K, used 7034K [0x00000000d5580000, 0x00000000d6100000, 0x0000000100000000)
  eden space 3584K, 100% used [0x00000000d5580000,0x00000000d5900000,0x00000000d5900000)
  from space 4096K, 84% used [0x00000000d5900000,0x00000000d5c5ea50,0x00000000d5d00000)
  to   space 3584K, 0% used [0x00000000d5d80000,0x00000000d5d80000,0x00000000d6100000)
 ParOldGen       total 1189376K, used 1189296K [0x0000000080000000, 0x00000000c8980000, 0x00000000d5580000)
  object space 1189376K, 99% used [0x0000000080000000,0x00000000c896c2e0,0x00000000c8980000)
 Metaspace       used 67311K, committed 68736K, reserved 1114112K
  class space    used 7540K, committed 8192K, reserved 1048576K
}
Event: 52.652 GC heap after
{Heap after GC invocations=2202 (full 4):
 PSYoungGen      total 8192K, used 2864K [0x00000000d5580000, 0x00000000d6100000, 0x0000000100000000)
  eden space 4608K, 0% used [0x00000000d5580000,0x00000000d5580000,0x00000000d5a00000)
  from space 3584K, 79% used [0x00000000d5d80000,0x00000000d604c0e0,0x00000000d6100000)
  to   space 3584K, 0% used [0x00000000d5a00000,0x00000000d5a00000,0x00000000d5d80000)
 ParOldGen       total 1192960K, used 1192637K [0x0000000080000000, 0x00000000c8d00000, 0x00000000d5580000)
  object space 1192960K, 99% used [0x0000000080000000,0x00000000c8caf740,0x00000000c8d00000)
 Metaspace       used 67311K, committed 68736K, reserved 1114112K
  class space    used 7540K, committed 8192K, reserved 1048576K
}
Event: 52.656 GC heap before
{Heap before GC invocations=2203 (full 4):
 PSYoungGen      total 8192K, used 7472K [0x00000000d5580000, 0x00000000d6100000, 0x0000000100000000)
  eden space 4608K, 100% used [0x00000000d5580000,0x00000000d5a00000,0x00000000d5a00000)
  from space 3584K, 79% used [0x00000000d5d80000,0x00000000d604c0e0,0x00000000d6100000)
  to   space 3584K, 0% used [0x00000000d5a00000,0x00000000d5a00000,0x00000000d5d80000)
 ParOldGen       total 1192960K, used 1192637K [0x0000000080000000, 0x00000000c8d00000, 0x00000000d5580000)
  object space 1192960K, 99% used [0x0000000080000000,0x00000000c8caf740,0x00000000c8d00000)
 Metaspace       used 67311K, committed 68736K, reserved 1114112K
  class space    used 7540K, committed 8192K, reserved 1048576K
}
Event: 52.659 GC heap after
{Heap after GC invocations=2203 (full 4):
 PSYoungGen      total 8192K, used 3584K [0x00000000d5580000, 0x00000000d6b00000, 0x0000000100000000)
  eden space 4608K, 0% used [0x00000000d5580000,0x00000000d5580000,0x00000000d5a00000)
  from space 3584K, 100% used [0x00000000d5a00000,0x00000000d5d80000,0x00000000d5d80000)
  to   space 8192K, 0% used [0x00000000d6300000,0x00000000d6300000,0x00000000d6b00000)
 ParOldGen       total 1196544K, used 1196054K [0x0000000080000000, 0x00000000c9080000, 0x00000000d5580000)
  object space 1196544K, 99% used [0x0000000080000000,0x00000000c9005970,0x00000000c9080000)
 Metaspace       used 67311K, committed 68736K, reserved 1114112K
  class space    used 7540K, committed 8192K, reserved 1048576K
}
Event: 52.664 GC heap before
{Heap before GC invocations=2204 (full 4):
 PSYoungGen      total 8192K, used 8192K [0x00000000d5580000, 0x00000000d6b00000, 0x0000000100000000)
  eden space 4608K, 100% used [0x00000000d5580000,0x00000000d5a00000,0x00000000d5a00000)
  from space 3584K, 100% used [0x00000000d5a00000,0x00000000d5d80000,0x00000000d5d80000)
  to   space 8192K, 0% used [0x00000000d6300000,0x00000000d6300000,0x00000000d6b00000)
 ParOldGen       total 1196544K, used 1196054K [0x0000000080000000, 0x00000000c9080000, 0x00000000d5580000)
  object space 1196544K, 99% used [0x0000000080000000,0x00000000c9005970,0x00000000c9080000)
 Metaspace       used 67315K, committed 68736K, reserved 1114112K
  class space    used 7540K, committed 8192K, reserved 1048576K
}
Event: 52.669 GC heap after
{Heap after GC invocations=2204 (full 4):
 PSYoungGen      total 10240K, used 4576K [0x00000000d5580000, 0x00000000d6780000, 0x0000000100000000)
  eden space 5632K, 0% used [0x00000000d5580000,0x00000000d5580000,0x00000000d5b00000)
  from space 4608K, 99% used [0x00000000d6300000,0x00000000d6778000,0x00000000d6780000)
  to   space 5632K, 0% used [0x00000000d5c80000,0x00000000d5c80000,0x00000000d6200000)
 ParOldGen       total 1200128K, used 1199670K [0x0000000080000000, 0x00000000c9400000, 0x00000000d5580000)
  object space 1200128K, 99% used [0x0000000080000000,0x00000000c938d980,0x00000000c9400000)
 Metaspace       used 67315K, committed 68736K, reserved 1114112K
  class space    used 7540K, committed 8192K, reserved 1048576K
}
Event: 52.727 GC heap before
{Heap before GC invocations=2205 (full 4):
 PSYoungGen      total 10240K, used 10208K [0x00000000d5580000, 0x00000000d6780000, 0x0000000100000000)
  eden space 5632K, 100% used [0x00000000d5580000,0x00000000d5b00000,0x00000000d5b00000)
  from space 4608K, 99% used [0x00000000d6300000,0x00000000d6778000,0x00000000d6780000)
  to   space 5632K, 0% used [0x00000000d5c80000,0x00000000d5c80000,0x00000000d6200000)
 ParOldGen       total 1200128K, used 1199670K [0x0000000080000000, 0x00000000c9400000, 0x00000000d5580000)
  object space 1200128K, 99% used [0x0000000080000000,0x00000000c938d980,0x00000000c9400000)
 Metaspace       used 67326K, committed 68800K, reserved 1114112K
  class space    used 7542K, committed 8192K, reserved 1048576K
}
Event: 52.731 GC heap after
{Heap after GC invocations=2205 (full 4):
 PSYoungGen      total 9216K, used 1568K [0x00000000d5580000, 0x00000000d6380000, 0x0000000100000000)
  eden space 7168K, 0% used [0x00000000d5580000,0x00000000d5580000,0x00000000d5c80000)
  from space 2048K, 76% used [0x00000000d5c80000,0x00000000d5e08020,0x00000000d5e80000)
  to   space 3072K, 0% used [0x00000000d6080000,0x00000000d6080000,0x00000000d6380000)
 ParOldGen       total 1204224K, used 1204142K [0x0000000080000000, 0x00000000c9800000, 0x00000000d5580000)
  object space 1204224K, 99% used [0x0000000080000000,0x00000000c97eb980,0x00000000c9800000)
 Metaspace       used 67326K, committed 68800K, reserved 1114112K
  class space    used 7542K, committed 8192K, reserved 1048576K
}
Event: 52.901 GC heap before
{Heap before GC invocations=2206 (full 4):
 PSYoungGen      total 9216K, used 8736K [0x00000000d5580000, 0x00000000d6380000, 0x0000000100000000)
  eden space 7168K, 100% used [0x00000000d5580000,0x00000000d5c80000,0x00000000d5c80000)
  from space 2048K, 76% used [0x00000000d5c80000,0x00000000d5e08020,0x00000000d5e80000)
  to   space 3072K, 0% used [0x00000000d6080000,0x00000000d6080000,0x00000000d6380000)
 ParOldGen       total 1204224K, used 1204142K [0x0000000080000000, 0x00000000c9800000, 0x00000000d5580000)
  object space 1204224K, 99% used [0x0000000080000000,0x00000000c97eb980,0x00000000c9800000)
 Metaspace       used 67348K, committed 68800K, reserved 1114112K
  class space    used 7542K, committed 8192K, reserved 1048576K
}
Event: 52.903 GC heap after
{Heap after GC invocations=2206 (full 4):
 PSYoungGen      total 9216K, used 288K [0x00000000d5580000, 0x00000000d6100000, 0x0000000100000000)
  eden space 8704K, 0% used [0x00000000d5580000,0x00000000d5580000,0x00000000d5e00000)
  from space 512K, 56% used [0x00000000d6080000,0x00000000d60c8000,0x00000000d6100000)
  to   space 1024K, 0% used [0x00000000d5f00000,0x00000000d5f00000,0x00000000d6000000)
 ParOldGen       total 1205760K, used 1205598K [0x0000000080000000, 0x00000000c9980000, 0x00000000d5580000)
  object space 1205760K, 99% used [0x0000000080000000,0x00000000c99579a0,0x00000000c9980000)
 Metaspace       used 67348K, committed 68800K, reserved 1114112K
  class space    used 7542K, committed 8192K, reserved 1048576K
}
Event: 305.445 GC heap before
{Heap before GC invocations=2207 (full 4):
 PSYoungGen      total 9216K, used 8991K [0x00000000d5580000, 0x00000000d6100000, 0x0000000100000000)
  eden space 8704K, 99% used [0x00000000d5580000,0x00000000d5dfffe0,0x00000000d5e00000)
  from space 512K, 56% used [0x00000000d6080000,0x00000000d60c8000,0x00000000d6100000)
  to   space 1024K, 0% used [0x00000000d5f00000,0x00000000d5f00000,0x00000000d6000000)
 ParOldGen       total 1205760K, used 1205598K [0x0000000080000000, 0x00000000c9980000, 0x00000000d5580000)
  object space 1205760K, 99% used [0x0000000080000000,0x00000000c99579a0,0x00000000c9980000)
 Metaspace       used 67549K, committed 68992K, reserved 1114112K
  class space    used 7564K, committed 8192K, reserved 1048576K
}
Event: 305.538 GC heap after
{Heap after GC invocations=2207 (full 4):
 PSYoungGen      total 10752K, used 992K [0x00000000d5580000, 0x00000000d6280000, 0x0000000100000000)
  eden space 9728K, 0% used [0x00000000d5580000,0x00000000d5580000,0x00000000d5f00000)
  from space 1024K, 96% used [0x00000000d5f00000,0x00000000d5ff8000,0x00000000d6000000)
  to   space 1536K, 0% used [0x00000000d6100000,0x00000000d6100000,0x00000000d6280000)
 ParOldGen       total 1205760K, used 1205638K [0x0000000080000000, 0x00000000c9980000, 0x00000000d5580000)
  object space 1205760K, 99% used [0x0000000080000000,0x00000000c99619a0,0x00000000c9980000)
 Metaspace       used 67549K, committed 68992K, reserved 1114112K
  class space    used 7564K, committed 8192K, reserved 1048576K
}

