# JRE version: OpenJDK Runtime Environment Temurin-21.0.8+9 (21.0.8+9) (build 21.0.8+9-LTS)
# Java VM: OpenJDK 64-Bit Server VM Temurin-21.0.8+9 (21.0.8+9-LTS, mixed mode, sharing, tiered, compressed oops, compressed class ptrs, parallel gc, windows-amd64)
GC Precious Log:
 CardTable entry size: 512
 CPUs: 12 total, 12 available
 Memory: 7930M
 Large Page Support: Disabled
 NUMA Support: Disabled
 Compressed Oops: Enabled (32-bit)
 Alignments: Space 512K, Generation 512K, Heap 2M
 Heap Min Capacity: 100M
 Heap Initial Capacity: 100M
 Heap Max Capacity: 2G
 Pre-touch: Disabled
 Parallel Workers: 10
Heap:
 PSYoungGen      total 2048K, used 1510K [0x00000000d5580000, 0x00000000d5e00000, 0x0000000100000000)
  eden space 1536K, 87% used [0x00000000d5580000,0x00000000d56d1838,0x00000000d5700000)
  from space 512K, 31% used [0x00000000d5d80000,0x00000000d5da8000,0x00000000d5e00000)
  to   space 512K, 0% used [0x00000000d5d00000,0x00000000d5d00000,0x00000000d5d80000)
 ParOldGen       total 1193984K, used 1193913K [0x0000000080000000, 0x00000000c8e00000, 0x00000000d5580000)
  object space 1193984K, 99% used [0x0000000080000000,0x00000000c8dee7d0,0x00000000c8e00000)
 Metaspace       used 73182K, committed 74688K, reserved 1179648K
  class space    used 8198K, committed 8832K, reserved 1048576K
GC Heap History (20 events):
Event: 1881.014 GC heap before
{Heap before GC invocations=6566 (full 4):
 PSYoungGen      total 2048K, used 1856K [0x00000000d5580000, 0x00000000d5e00000, 0x0000000100000000)
  eden space 1536K, 100% used [0x00000000d5580000,0x00000000d5700000,0x00000000d5700000)
  from space 512K, 62% used [0x00000000d5d80000,0x00000000d5dd0000,0x00000000d5e00000)
  to   space 512K, 0% used [0x00000000d5d00000,0x00000000d5d00000,0x00000000d5d80000)
 ParOldGen       total 1193472K, used 1193409K [0x0000000080000000, 0x00000000c8d80000, 0x00000000d5580000)
  object space 1193472K, 99% used [0x0000000080000000,0x00000000c8d707d0,0x00000000c8d80000)
 Metaspace       used 73116K, committed 74560K, reserved 1179648K
  class space    used 8198K, committed 8832K, reserved 1048576K
}
Event: 1881.016 GC heap after
{Heap after GC invocations=6566 (full 4):
 PSYoungGen      total 2048K, used 288K [0x00000000d5580000, 0x00000000d5e00000, 0x0000000100000000)
  eden space 1536K, 0% used [0x00000000d5580000,0x00000000d5580000,0x00000000d5700000)
  from space 512K, 56% used [0x00000000d5d00000,0x00000000d5d48000,0x00000000d5d80000)
  to   space 512K, 0% used [0x00000000d5d80000,0x00000000d5d80000,0x00000000d5e00000)
 ParOldGen       total 1193472K, used 1193457K [0x0000000080000000, 0x00000000c8d80000, 0x00000000d5580000)
  object space 1193472K, 99% used [0x0000000080000000,0x00000000c8d7c7d0,0x00000000c8d80000)
 Metaspace       used 73116K, committed 74560K, reserved 1179648K
  class space    used 8198K, committed 8832K, reserved 1048576K
}
Event: 1881.955 GC heap before
{Heap before GC invocations=6567 (full 4):
 PSYoungGen      total 2048K, used 1823K [0x00000000d5580000, 0x00000000d5e00000, 0x0000000100000000)
  eden space 1536K, 99% used [0x00000000d5580000,0x00000000d56ffff0,0x00000000d5700000)
  from space 512K, 56% used [0x00000000d5d00000,0x00000000d5d48000,0x00000000d5d80000)
  to   space 512K, 0% used [0x00000000d5d80000,0x00000000d5d80000,0x00000000d5e00000)
 ParOldGen       total 1193472K, used 1193457K [0x0000000080000000, 0x00000000c8d80000, 0x00000000d5580000)
  object space 1193472K, 99% used [0x0000000080000000,0x00000000c8d7c7d0,0x00000000c8d80000)
 Metaspace       used 73117K, committed 74560K, reserved 1179648K
  class space    used 8198K, committed 8832K, reserved 1048576K
}
Event: 1881.958 GC heap after
{Heap after GC invocations=6567 (full 4):
 PSYoungGen      total 2048K, used 192K [0x00000000d5580000, 0x00000000d5e00000, 0x0000000100000000)
  eden space 1536K, 0% used [0x00000000d5580000,0x00000000d5580000,0x00000000d5700000)
  from space 512K, 37% used [0x00000000d5d80000,0x00000000d5db0000,0x00000000d5e00000)
  to   space 512K, 0% used [0x00000000d5d00000,0x00000000d5d00000,0x00000000d5d80000)
 ParOldGen       total 1193984K, used 1193497K [0x0000000080000000, 0x00000000c8e00000, 0x00000000d5580000)
  object space 1193984K, 99% used [0x0000000080000000,0x00000000c8d867d0,0x00000000c8e00000)
 Metaspace       used 73117K, committed 74560K, reserved 1179648K
  class space    used 8198K, committed 8832K, reserved 1048576K
}
Event: 1882.081 GC heap before
{Heap before GC invocations=6568 (full 4):
 PSYoungGen      total 2048K, used 1728K [0x00000000d5580000, 0x00000000d5e00000, 0x0000000100000000)
  eden space 1536K, 100% used [0x00000000d5580000,0x00000000d5700000,0x00000000d5700000)
  from space 512K, 37% used [0x00000000d5d80000,0x00000000d5db0000,0x00000000d5e00000)
  to   space 512K, 0% used [0x00000000d5d00000,0x00000000d5d00000,0x00000000d5d80000)
 ParOldGen       total 1193984K, used 1193497K [0x0000000080000000, 0x00000000c8e00000, 0x00000000d5580000)
  object space 1193984K, 99% used [0x0000000080000000,0x00000000c8d867d0,0x00000000c8e00000)
 Metaspace       used 73118K, committed 74560K, reserved 1179648K
  class space    used 8198K, committed 8832K, reserved 1048576K
}
Event: 1882.083 GC heap after
{Heap after GC invocations=6568 (full 4):
 PSYoungGen      total 2048K, used 256K [0x00000000d5580000, 0x00000000d5e00000, 0x0000000100000000)
  eden space 1536K, 0% used [0x00000000d5580000,0x00000000d5580000,0x00000000d5700000)
  from space 512K, 50% used [0x00000000d5d00000,0x00000000d5d40000,0x00000000d5d80000)
  to   space 512K, 0% used [0x00000000d5d80000,0x00000000d5d80000,0x00000000d5e00000)
 ParOldGen       total 1193984K, used 1193521K [0x0000000080000000, 0x00000000c8e00000, 0x00000000d5580000)
  object space 1193984K, 99% used [0x0000000080000000,0x00000000c8d8c7d0,0x00000000c8e00000)
 Metaspace       used 73118K, committed 74560K, reserved 1179648K
  class space    used 8198K, committed 8832K, reserved 1048576K
}
Event: 1883.627 GC heap before
{Heap before GC invocations=6569 (full 4):
 PSYoungGen      total 2048K, used 1792K [0x00000000d5580000, 0x00000000d5e00000, 0x0000000100000000)
  eden space 1536K, 100% used [0x00000000d5580000,0x00000000d5700000,0x00000000d5700000)
  from space 512K, 50% used [0x00000000d5d00000,0x00000000d5d40000,0x00000000d5d80000)
  to   space 512K, 0% used [0x00000000d5d80000,0x00000000d5d80000,0x00000000d5e00000)
 ParOldGen       total 1193984K, used 1193521K [0x0000000080000000, 0x00000000c8e00000, 0x00000000d5580000)
  object space 1193984K, 99% used [0x0000000080000000,0x00000000c8d8c7d0,0x00000000c8e00000)
 Metaspace       used 73122K, committed 74560K, reserved 1179648K
  class space    used 8198K, committed 8832K, reserved 1048576K
}
Event: 1883.632 GC heap after
{Heap after GC invocations=6569 (full 4):
 PSYoungGen      total 2048K, used 288K [0x00000000d5580000, 0x00000000d5e00000, 0x0000000100000000)
  eden space 1536K, 0% used [0x00000000d5580000,0x00000000d5580000,0x00000000d5700000)
  from space 512K, 56% used [0x00000000d5d80000,0x00000000d5dc8000,0x00000000d5e00000)
  to   space 512K, 0% used [0x00000000d5d00000,0x00000000d5d00000,0x00000000d5d80000)
 ParOldGen       total 1193984K, used 1193585K [0x0000000080000000, 0x00000000c8e00000, 0x00000000d5580000)
  object space 1193984K, 99% used [0x0000000080000000,0x00000000c8d9c7d0,0x00000000c8e00000)
 Metaspace       used 73122K, committed 74560K, reserved 1179648K
  class space    used 8198K, committed 8832K, reserved 1048576K
}
Event: 1883.799 GC heap before
{Heap before GC invocations=6570 (full 4):
 PSYoungGen      total 2048K, used 1824K [0x00000000d5580000, 0x00000000d5e00000, 0x0000000100000000)
  eden space 1536K, 100% used [0x00000000d5580000,0x00000000d5700000,0x00000000d5700000)
  from space 512K, 56% used [0x00000000d5d80000,0x00000000d5dc8000,0x00000000d5e00000)
  to   space 512K, 0% used [0x00000000d5d00000,0x00000000d5d00000,0x00000000d5d80000)
 ParOldGen       total 1193984K, used 1193585K [0x0000000080000000, 0x00000000c8e00000, 0x00000000d5580000)
  object space 1193984K, 99% used [0x0000000080000000,0x00000000c8d9c7d0,0x00000000c8e00000)
 Metaspace       used 73123K, committed 74560K, reserved 1179648K
  class space    used 8198K, committed 8832K, reserved 1048576K
}
Event: 1883.801 GC heap after
{Heap after GC invocations=6570 (full 4):
 PSYoungGen      total 2048K, used 256K [0x00000000d5580000, 0x00000000d5e00000, 0x0000000100000000)
  eden space 1536K, 0% used [0x00000000d5580000,0x00000000d5580000,0x00000000d5700000)
  from space 512K, 50% used [0x00000000d5d00000,0x00000000d5d40000,0x00000000d5d80000)
  to   space 512K, 0% used [0x00000000d5d80000,0x00000000d5d80000,0x00000000d5e00000)
 ParOldGen       total 1193984K, used 1193641K [0x0000000080000000, 0x00000000c8e00000, 0x00000000d5580000)
  object space 1193984K, 99% used [0x0000000080000000,0x00000000c8daa7d0,0x00000000c8e00000)
 Metaspace       used 73123K, committed 74560K, reserved 1179648K
  class space    used 8198K, committed 8832K, reserved 1048576K
}
Event: 1885.130 GC heap before
{Heap before GC invocations=6571 (full 4):
 PSYoungGen      total 2048K, used 1792K [0x00000000d5580000, 0x00000000d5e00000, 0x0000000100000000)
  eden space 1536K, 100% used [0x00000000d5580000,0x00000000d5700000,0x00000000d5700000)
  from space 512K, 50% used [0x00000000d5d00000,0x00000000d5d40000,0x00000000d5d80000)
  to   space 512K, 0% used [0x00000000d5d80000,0x00000000d5d80000,0x00000000d5e00000)
 ParOldGen       total 1193984K, used 1193641K [0x0000000080000000, 0x00000000c8e00000, 0x00000000d5580000)
  object space 1193984K, 99% used [0x0000000080000000,0x00000000c8daa7d0,0x00000000c8e00000)
 Metaspace       used 73123K, committed 74560K, reserved 1179648K
  class space    used 8198K, committed 8832K, reserved 1048576K
}
Event: 1885.132 GC heap after
{Heap after GC invocations=6571 (full 4):
 PSYoungGen      total 2048K, used 288K [0x00000000d5580000, 0x00000000d5e00000, 0x0000000100000000)
  eden space 1536K, 0% used [0x00000000d5580000,0x00000000d5580000,0x00000000d5700000)
  from space 512K, 56% used [0x00000000d5d80000,0x00000000d5dc8000,0x00000000d5e00000)
  to   space 512K, 0% used [0x00000000d5d00000,0x00000000d5d00000,0x00000000d5d80000)
 ParOldGen       total 1193984K, used 1193697K [0x0000000080000000, 0x00000000c8e00000, 0x00000000d5580000)
  object space 1193984K, 99% used [0x0000000080000000,0x00000000c8db87d0,0x00000000c8e00000)
 Metaspace       used 73123K, committed 74560K, reserved 1179648K
  class space    used 8198K, committed 8832K, reserved 1048576K
}
Event: 1885.288 GC heap before
{Heap before GC invocations=6572 (full 4):
 PSYoungGen      total 2048K, used 1824K [0x00000000d5580000, 0x00000000d5e00000, 0x0000000100000000)
  eden space 1536K, 100% used [0x00000000d5580000,0x00000000d5700000,0x00000000d5700000)
  from space 512K, 56% used [0x00000000d5d80000,0x00000000d5dc8000,0x00000000d5e00000)
  to   space 512K, 0% used [0x00000000d5d00000,0x00000000d5d00000,0x00000000d5d80000)
 ParOldGen       total 1193984K, used 1193697K [0x0000000080000000, 0x00000000c8e00000, 0x00000000d5580000)
  object space 1193984K, 99% used [0x0000000080000000,0x00000000c8db87d0,0x00000000c8e00000)
 Metaspace       used 73123K, committed 74560K, reserved 1179648K
  class space    used 8198K, committed 8832K, reserved 1048576K
}
Event: 1885.290 GC heap after
{Heap after GC invocations=6572 (full 4):
 PSYoungGen      total 2048K, used 320K [0x00000000d5580000, 0x00000000d5e00000, 0x0000000100000000)
  eden space 1536K, 0% used [0x00000000d5580000,0x00000000d5580000,0x00000000d5700000)
  from space 512K, 62% used [0x00000000d5d00000,0x00000000d5d50000,0x00000000d5d80000)
  to   space 512K, 0% used [0x00000000d5d80000,0x00000000d5d80000,0x00000000d5e00000)
 ParOldGen       total 1193984K, used 1193753K [0x0000000080000000, 0x00000000c8e00000, 0x00000000d5580000)
  object space 1193984K, 99% used [0x0000000080000000,0x00000000c8dc67d0,0x00000000c8e00000)
 Metaspace       used 73123K, committed 74560K, reserved 1179648K
  class space    used 8198K, committed 8832K, reserved 1048576K
}
Event: 1886.448 GC heap before
{Heap before GC invocations=6573 (full 4):
 PSYoungGen      total 2048K, used 1856K [0x00000000d5580000, 0x00000000d5e00000, 0x0000000100000000)
  eden space 1536K, 100% used [0x00000000d5580000,0x00000000d5700000,0x00000000d5700000)
  from space 512K, 62% used [0x00000000d5d00000,0x00000000d5d50000,0x00000000d5d80000)
  to   space 512K, 0% used [0x00000000d5d80000,0x00000000d5d80000,0x00000000d5e00000)
 ParOldGen       total 1193984K, used 1193753K [0x0000000080000000, 0x00000000c8e00000, 0x00000000d5580000)
  object space 1193984K, 99% used [0x0000000080000000,0x00000000c8dc67d0,0x00000000c8e00000)
 Metaspace       used 73127K, committed 74560K, reserved 1179648K
  class space    used 8198K, committed 8832K, reserved 1048576K
}
Event: 1886.450 GC heap after
{Heap after GC invocations=6573 (full 4):
 PSYoungGen      total 2048K, used 288K [0x00000000d5580000, 0x00000000d5e00000, 0x0000000100000000)
  eden space 1536K, 0% used [0x00000000d5580000,0x00000000d5580000,0x00000000d5700000)
  from space 512K, 56% used [0x00000000d5d80000,0x00000000d5dc8000,0x00000000d5e00000)
  to   space 512K, 0% used [0x00000000d5d00000,0x00000000d5d00000,0x00000000d5d80000)
 ParOldGen       total 1193984K, used 1193833K [0x0000000080000000, 0x00000000c8e00000, 0x00000000d5580000)
  object space 1193984K, 99% used [0x0000000080000000,0x00000000c8dda7d0,0x00000000c8e00000)
 Metaspace       used 73127K, committed 74560K, reserved 1179648K
  class space    used 8198K, committed 8832K, reserved 1048576K
}
Event: 2055.277 GC heap before
{Heap before GC invocations=6574 (full 4):
 PSYoungGen      total 2048K, used 1815K [0x00000000d5580000, 0x00000000d5e00000, 0x0000000100000000)
  eden space 1536K, 99% used [0x00000000d5580000,0x00000000d56fde00,0x00000000d5700000)
  from space 512K, 56% used [0x00000000d5d80000,0x00000000d5dc8000,0x00000000d5e00000)
  to   space 512K, 0% used [0x00000000d5d00000,0x00000000d5d00000,0x00000000d5d80000)
 ParOldGen       total 1193984K, used 1193833K [0x0000000080000000, 0x00000000c8e00000, 0x00000000d5580000)
  object space 1193984K, 99% used [0x0000000080000000,0x00000000c8dda7d0,0x00000000c8e00000)
 Metaspace       used 73146K, committed 74560K, reserved 1179648K
  class space    used 8198K, committed 8832K, reserved 1048576K
}
Event: 2055.327 GC heap after
{Heap after GC invocations=6574 (full 4):
 PSYoungGen      total 2048K, used 224K [0x00000000d5580000, 0x00000000d5e00000, 0x0000000100000000)
  eden space 1536K, 0% used [0x00000000d5580000,0x00000000d5580000,0x00000000d5700000)
  from space 512K, 43% used [0x00000000d5d00000,0x00000000d5d38000,0x00000000d5d80000)
  to   space 512K, 0% used [0x00000000d5d80000,0x00000000d5d80000,0x00000000d5e00000)
 ParOldGen       total 1193984K, used 1193881K [0x0000000080000000, 0x00000000c8e00000, 0x00000000d5580000)
  object space 1193984K, 99% used [0x0000000080000000,0x00000000c8de67d0,0x00000000c8e00000)
 Metaspace       used 73146K, committed 74560K, reserved 1179648K
  class space    used 8198K, committed 8832K, reserved 1048576K
}
Event: 3053.474 GC heap before
{Heap before GC invocations=6575 (full 4):
 PSYoungGen      total 2048K, used 1760K [0x00000000d5580000, 0x00000000d5e00000, 0x0000000100000000)
  eden space 1536K, 100% used [0x00000000d5580000,0x00000000d5700000,0x00000000d5700000)
  from space 512K, 43% used [0x00000000d5d00000,0x00000000d5d38000,0x00000000d5d80000)
  to   space 512K, 0% used [0x00000000d5d80000,0x00000000d5d80000,0x00000000d5e00000)
 ParOldGen       total 1193984K, used 1193881K [0x0000000080000000, 0x00000000c8e00000, 0x00000000d5580000)
  object space 1193984K, 99% used [0x0000000080000000,0x00000000c8de67d0,0x00000000c8e00000)
 Metaspace       used 73179K, committed 74688K, reserved 1179648K
  class space    used 8198K, committed 8832K, reserved 1048576K
}
Event: 3053.592 GC heap after
{Heap after GC invocations=6575 (full 4):
 PSYoungGen      total 2048K, used 160K [0x00000000d5580000, 0x00000000d5e00000, 0x0000000100000000)
  eden space 1536K, 0% used [0x00000000d5580000,0x00000000d5580000,0x00000000d5700000)
  from space 512K, 31% used [0x00000000d5d80000,0x00000000d5da8000,0x00000000d5e00000)
  to   space 512K, 0% used [0x00000000d5d00000,0x00000000d5d00000,0x00000000d5d80000)
 ParOldGen       total 1193984K, used 1193913K [0x0000000080000000, 0x00000000c8e00000, 0x00000000d5580000)
  object space 1193984K, 99% used [0x0000000080000000,0x00000000c8dee7d0,0x00000000c8e00000)
 Metaspace       used 73179K, committed 74688K, reserved 1179648K
  class space    used 8198K, committed 8832K, reserved 1048576K
}

